0.000000 0.103880 104
-0.002319 -0.084993 110
0.000000 0.012019 116
0.000000 0.096154 122
-0.002319 -0.072115 128
0.000000 0.065247 134
0.000000 0.024038 140
-0.002319 -0.006868 146
-0.002319 -0.091003 152
-0.002319 -0.121051 158
0.000000 0.162260 164
-0.002319 -0.091003 170
-0.002319 -0.072974 176
-0.002319 -0.087569 182
0.000000 0.031765 188
-0.002319 -0.087569 194
-0.002319 -0.021463 200
0.000000 0.074691 206
-0.002319 -0.070398 212
0.000000 0.035199 218
-0.002319 -0.092720 224
0.000000 0.059238 230
-0.002319 -0.160543 236
0.000000 0.024897 242
0.000000 0.024897 248
0.000000 0.005151 254
0.000000 0.069540 260
0.000000 0.073832 266
0.000000 0.103022 272
-0.002319 -0.018887 278
0.000000 0.096154 284
-0.002319 -0.134787 290
0.000000 0.077266 296
0.000000 0.021463 302
-0.002319 -0.063530 308
0.000000 0.050652 314
0.000000 0.030048 320
0.000000 0.000000 326
0.000000 0.017170 332
0.000000 0.000000 338
0.000000 -0.066106 344
0.000000 0.000000 350
0.002563 0.064389 356
0.002563 0.055804 362
0.000000 -0.075549 368
0.002563 -0.023180 374
0.005005 0.160543 380
0.005005 0.000000 386
0.007324 0.126202 392
0.007324 0.150240 398
0.007324 0.046360 404
0.007324 -0.047218 410
0.009766 0.094437 416
0.009766 -0.002576 422
0.012207 -0.007727 428
0.014526 0.045501 434
0.014526 -0.071257 440
0.016968 0.000000 446
0.016968 -0.167411 452
0.019409 -0.185440 458
0.026611 0.040350 464
0.031494 0.000000 470
0.033813 -0.119334 476
0.046021 -0.038633 482
0.058105 0.169986 488
0.065308 0.134787 494
0.070068 0.012878 500
0.072510 -0.021463 506
0.077393 0.035199 512
0.087036 0.047218 518
0.101440 0.132212 524
0.123169 0.072115 530
0.166748 0.117617 536
0.244019 0.157109 542
0.342896 0.306490 548
0.444336 0.228365 554
0.528809 0.351133 560
0.581909 0.112466 566
0.610962 0.121909 572
0.640015 0.091003 578
0.685791 0.117617 584
0.738892 0.143372 590
0.792114 0.108173 596
0.869263 0.278159 602
0.968384 0.413805 608
1.122803 0.392342 614
1.354736 0.764938 620
1.637085 0.854224 626
1.890625 0.728022 632
2.040405 0.200893 638
2.076660 -0.008585 644
2.062134 -0.038633 650
2.062134 -0.049794 656
2.064575 0.026614 662
2.064575 0.000000 668
2.067017 -0.003434 674
2.071777 0.017170 680
2.074219 -0.031765 686
2.083862 0.052370 692
2.098389 0.041209 698
2.122437 0.080701 704
2.156372 0.162260 710
2.202148 0.276442 716
2.281860 0.168269 722
2.388184 0.358001 728
2.523315 0.620707 734
2.682739 0.567479 740
2.863770 0.576923 746
3.076172 0.819025 752
3.327393 0.722871 758
3.612305 0.722012 764
3.873047 0.554602 770
4.022827 0.457589 776
4.032471 0.091861 782
3.986572 -0.054945 788
3.979248 0.030907 794
4.010742 0.043784 800
4.015503 -0.028331 806
4.015503 -0.066964 812
4.020264 0.030907 818
4.032471 0.018029 824
4.056519 0.029190 830
4.114624 0.158826 836
4.225586 0.483345 842
4.406738 0.701408 848
4.667480 0.801854 854
5.022339 1.389938 860
5.435303 1.110062 866
5.855469 0.949519 872
6.181396 0.802713 878
6.331055 0.336538 884
6.323853 -0.177713 890
6.285278 -0.014595 896
6.287598 -0.001717 902
6.326294 0.071257 908
6.328613 -0.082418 914
6.335938 0.042067 920
6.350342 0.012019 926
6.393921 0.266140 932
6.512207 0.430975 938
6.756104 0.837912 944
7.142456 1.242273 950
7.601196 1.614869 956
8.031006 1.195055 962
8.347290 0.734890 968
8.513794 0.272150 974
8.564575 0.076408 980
8.552490 -0.122768 986
8.562134 0.108173 992
8.579102 0.040350 998
8.636963 0.380323 1004
8.789062 0.582074 1010
9.057129 0.865385 1016
9.407227 1.097184 1022
9.721191 0.795845 1028
9.965088 0.449863 1034
10.134033 0.440419 1040
10.240234 0.372596 1046
10.312744 0.109032 1052
10.375610 0.215488 1058
10.464844 0.407795 1064
10.612183 0.728880 1070
10.846436 0.746909 1076
11.182007 1.311813 1082
11.551392 0.875687 1088
11.858032 0.647321 1094
12.075317 0.594093 1100
12.249268 0.655048 1106
12.418213 0.559753 1112
12.613892 0.642170 1118
12.821533 0.546016 1124
13.036377 0.625858 1130
13.258545 0.693681 1136
13.466187 0.782967 1142
13.632812 0.347699 1148
13.731812 0.113324 1154
13.755859 0.000000 1160
13.758423 -0.001717 1166
13.792114 0.152816 1172
13.908081 0.489354 1178
14.151855 0.806147 1184
14.603394 1.738496 1190
15.207031 1.510989 1196
15.827637 1.364183 1202
16.392578 1.738496 1208
16.887695 1.545330 1214
17.228027 0.542582 1220
17.343994 0.027473 1226
17.307861 -0.171703 1232
17.264282 -0.017170 1238
17.283569 0.232658 1244
17.348877 0.178571 1250
17.418823 0.200893 1256
17.568604 0.716003 1262
17.819702 0.784684 1268
18.205933 1.067994 1274
18.734741 1.971154 1280
19.307129 1.801167 1286
19.806885 1.298935 1292
20.268066 1.560783 1298
20.632568 0.867102 1304
20.888672 0.467891 1310
21.031006 0.429258 1316
21.067261 0.012878 1322
21.067261 -0.051511 1328
21.084106 0.022321 1334
21.156616 0.308207 1340
21.311157 0.540865 1346
21.545410 0.993304 1352
21.917236 1.643201 1358
22.489502 1.838084 1364
23.131714 1.974588 1370
23.747437 1.644059 1376
24.317261 1.571944 1382
24.805054 1.326408 1388
25.085083 0.583791 1394
25.198608 0.114183 1400
25.222778 -0.018029 1406
25.222778 0.007727 1412
25.249268 0.110749 1418
25.374878 0.540007 1424
25.635620 1.037946 1430
26.067871 1.359032 1436
26.640137 1.900755 1442
27.217163 1.225103 1448
27.787109 1.453468 1454
28.342407 1.590831 1460
28.786743 1.166724 1466
29.076416 0.482486 1472
29.216431 0.234375 1478
29.305786 0.248970 1484
29.409668 0.433551 1490
29.597900 0.791552 1496
29.914307 1.122081 1502
30.329590 1.179602 1508
30.756958 1.380494 1514
31.191650 1.097184 1520
31.660034 1.258585 1526
32.162231 1.626030 1532
32.592041 1.148695 1538
32.930054 0.904876 1544
33.227051 0.968407 1550
33.519287 0.711710 1556
33.825928 0.830185 1562
34.139771 1.157280 1568
34.419800 0.929773 1574
34.666138 0.646463 1580
34.926880 0.870536 1586
35.276978 1.160714 1592
35.752808 1.228537 1598
36.269409 1.263736 1604
36.783691 1.516140 1610
37.298096 1.720467 1616
37.817139 1.292067 1622
38.256592 1.109203 1628
38.584961 0.663633 1634
38.867554 0.706559 1640
39.154907 0.902301 1646
39.466431 0.893716 1652
39.804321 0.824176 1658
40.135132 1.037088 1664
40.437012 0.756353 1670
40.779907 0.997596 1676
41.248291 1.812328 1682
41.760254 1.619162 1688
42.269653 1.250858 1694
42.764648 1.673249 1700
43.269287 1.219093 1706
43.752197 1.146978 1712
44.150635 1.207933 1718
44.495850 1.234547 1724
44.838745 0.879121 1730
45.222656 1.449176 1736
45.606567 0.951236 1742
45.949463 0.877404 1748
46.294800 1.300652 1754
46.717285 1.545330 1760
47.217163 1.347012 1766
47.738647 1.715316 1772
48.219238 1.212225 1778
48.731079 1.310096 1784
49.259888 1.524725 1790
49.713867 1.474073 1796
50.114624 0.997596 1802
50.508301 1.359890 1808
50.923462 1.096326 1814
51.324341 0.979567 1820
51.681641 1.309238 1826
52.060791 1.524725 1832
52.509888 1.340144 1838
53.021851 1.450893 1844
53.533691 1.334135 1850
54.031006 1.513564 1856
54.579102 1.723042 1862
55.100708 1.706731 1868
55.573975 1.215659 1874
56.008667 1.461195 1880
56.472168 1.320398 1886
56.911743 1.055975 1892
57.305176 1.122081 1898
57.694092 1.109203 1904
58.121338 1.090316 1910
58.621216 1.686985 1916
59.101685 1.292926 1922
59.579712 1.493819 1928
60.120605 1.724760 1934
60.676025 1.771119 1940
61.195190 1.158997 1946
61.702148 1.596841 1952
62.233398 1.694711 1958
62.721191 1.133242 1964
63.160645 0.904018 1970
63.595215 1.533310 1976
64.066040 1.645776 1982
64.534546 1.186470 1988
64.976318 1.480082 1994
65.442383 1.183036 2000
65.971191 1.500687 2006
66.531372 1.811470 2012
67.052856 1.699863 2018
67.615479 1.523008 2024
68.190186 1.945398 2030
68.709351 1.183894 2036
69.204224 1.291209 2042
69.737915 1.441449 2048
70.232910 1.583963 2054
70.684448 1.207074 2060
71.145630 1.739354 2066
71.655029 1.470639 2072
72.179077 1.389080 2078
72.690918 1.860405 2084
73.241455 1.972871 2090
73.828125 1.589972 2096
74.390747 1.446600 2102
74.950928 1.486951 2108
75.537720 1.598558 2114
76.085938 1.860405 2120
76.585693 1.856113 2126
77.095093 1.146119 2132
77.628662 1.651786 2138
78.104370 1.244849 2144
78.587280 1.377060 2150
79.140259 1.683551 2156
79.710083 1.803743 2162
80.255859 1.377919 2168
80.854614 1.887019 2174
81.458252 1.461195 2180
82.028076 1.298935 2186
82.595459 1.946257 2192
83.165405 1.771119 2198
83.689331 1.150412 2204
84.206055 1.618304 2210
84.742065 1.415694 2216
85.292603 1.294643 2222
85.819092 1.847527 2228
86.374390 2.046703 2234
86.975586 2.224416 2240
87.567139 1.494677 2246
88.173218 1.978022 2252
88.810669 1.717891 2258
89.409546 1.584821 2264
89.991455 1.951408 2270
90.575684 1.838084 2276
91.119019 1.314389 2282
91.633301 1.628606 2288
92.169434 1.479224 2294
92.731934 1.499828 2300
93.272827 1.709306 2306
93.840210 1.784856 2312
94.455933 1.562500 2318
95.081299 1.919643 2324
95.694580 1.547047 2330
96.351318 1.469780 2336
96.974365 1.813187 2342
97.570679 1.905048 2348
98.176880 1.520433 2354
98.739380 1.799451 2360
99.256104 1.286916 2366
99.811523 1.467205 2372
100.381348 1.653503 2378
100.917358 1.697287 2384
101.499268 1.620021 2390
102.136719 2.138565 2396
102.762085 1.592548 2402
103.411621 1.664663 2408
104.099731 2.138565 2414
104.744507 2.286229 2420
105.381958 1.696429 2426
106.021729 2.142857 2432
106.572266 1.375343 2438
107.132446 1.449176 2444
107.709595 2.128262 2450
108.240723 1.620021 2456
108.776733 1.572802 2462
109.392456 2.202953 2468
109.998657 1.565076 2474
110.623901 1.738496 2480
111.314575 2.099073 2486
111.990601 2.202953 2492
112.664307 1.939389 2498
113.349976 2.028674 2504
113.985107 1.595982 2510
114.600830 1.577953 2516
115.230957 1.971154 2522
115.800903 1.880151 2528
116.351318 1.553915 2534
116.945312 1.820055 2540
117.529663 1.514423 2546
118.111572 1.662946 2552
118.761108 2.105082 2558
119.415405 1.990041 2564
120.069824 1.611435 2570
120.774902 2.208104 2576
121.453369 1.899038 2582
122.107666 1.882727 2588
122.783691 2.183207 2594
123.394653 1.876717 2600
123.995850 1.560783 2606
124.623657 1.997768 2612
125.205566 1.381353 2618
125.799561 1.508413 2624
126.456299 2.129121 2630
127.093750 1.994334 2636
127.740967 1.762534 2642
128.443481 2.281078 2648
129.105103 1.571944 2654
129.766724 1.686126 2660
130.452515 2.041552 2666
131.080200 2.027816 2672
131.715210 1.686985 2678
132.369629 2.175481 2684
132.968384 1.480082 2690
133.603516 1.676683 2696
134.257812 1.951408 2702
134.885620 1.926511 2708
135.542480 1.746222 2714
136.218506 2.297390 2720
136.865601 1.767685 2726
137.536865 1.854396 2732
138.217773 2.168612 2738
138.852783 2.210680 2744
139.516724 1.859547 2750
140.178345 2.121394 2756
140.801392 2.238152 2762
141.453369 1.672390 2768
142.081055 1.443166 2774
142.711304 2.149725 2780
143.372925 2.033825 2786
144.022461 1.583963 2792
144.696045 2.171188 2798
145.386597 1.642342 2804
146.060303 1.651786 2810
146.760498 2.403846 2816
147.441406 2.156593 2822
148.088501 1.590831 2828
148.762207 2.529189 2834
149.414185 1.657795 2840
150.039429 1.511847 2846
150.701172 2.245021 2852
151.348145 2.138565 2858
151.980835 1.806319 2864
152.661743 2.320570 2870
153.333008 1.595982 2876
153.997070 1.695570 2882
154.709351 2.121394 2888
155.395020 2.378091 2894
156.075928 1.935096 2900
156.781006 2.041552 2906
157.442627 1.796875 2912
158.106689 1.695570 2918
158.787476 2.305975 2924
159.412964 2.075034 2930
160.067261 1.852679 2936
160.728882 2.026099 2942
161.366333 1.783997 2948
162.044800 1.915350 2954
162.728149 1.924794 2960
163.401733 2.138565 2966
164.106934 1.712740 2972
164.804688 2.044986 2978
165.495239 1.888736 2984
166.197876 1.930804 2990
166.866699 1.870707 2996
167.535522 2.034684 3002
168.199585 1.666380 3008
168.839478 2.035542 3014
169.481689 1.768544 3020
170.138428 1.664663 3026
170.787964 2.154876 3032
171.468872 2.251030 3038
172.156982 1.644059 3044
172.842773 2.244162 3050
173.545532 1.625172 3056
174.238403 1.583963 3062
174.933838 2.427026 3068
175.624390 2.087912 3074
176.283569 1.582246 3080
176.950073 2.102507 3086
177.614014 1.656078 3092
178.241821 1.597699 3098
178.913086 2.182349 3104
179.577026 2.198661 3110
180.207275 1.679258 3116
180.888184 2.184066 3122
181.557007 1.662088 3128
182.223511 1.724760 3134
182.942993 2.435611 3140
183.623779 2.248455 3146
184.309570 1.934238 3152
185.021851 2.464801 3158
185.676270 1.591689 3164
186.352295 1.857830 3170
187.040527 2.325721 3176
187.687622 2.145433 3182
188.361328 1.835508 3188
189.037354 2.439045 3194
189.672363 2.298249 3200
190.329102 1.644059 3206
190.985962 1.594265 3212
191.642700 2.227850 3218
192.326050 2.239869 3224
193.011719 1.714457 3230
193.712036 2.240728 3236
194.431519 1.814045 3242
195.122070 1.602850 3248
195.836792 2.476820 3254
196.517700 2.027816 3260
197.157593 1.658654 3266
197.811890 2.271635 3272
198.439697 1.509272 3278
199.041016 1.499828 3284
199.702515 2.394402 3290
200.359253 2.294814 3296
201.015991 1.850103 3302
201.733276 2.455357 3308
202.433350 1.761676 3314
203.148193 1.943681 3320
203.889404 2.215831 3326
204.567993 2.325721 3332
205.244019 1.880151 3338
205.903198 1.900755 3344
206.504395 1.482658 3350
207.127319 1.781422 3356
207.757568 2.073317 3362
208.358765 2.054430 3368
209.001099 1.910199 3374
209.684448 2.214114 3380
210.350830 1.850961 3386
211.058228 1.941964 3392
211.773071 2.092205 3398
212.463623 2.154018 3404
213.171143 1.729052 3410
213.854370 2.094780 3416
214.508667 2.098214 3422
215.165527 1.533310 3428
215.778809 1.591689 3434
216.401733 2.254464 3440
217.039185 2.089629 3446
217.657349 1.741071 3452
218.311646 2.309409 3458
218.978149 1.726477 3464
219.625244 1.588255 3470
220.315796 2.074176 3476
221.001587 2.294814 3482
221.660645 1.711882 3488
222.348877 2.116243 3494
223.010376 1.794299 3500
223.650391 1.817479 3506
224.316772 1.981456 3512
224.956543 2.074176 3518
225.572266 1.829499 3524
226.221802 2.162603 3530
226.856934 1.640625 3536
227.475098 1.744505 3542
228.141357 2.042411 3548
228.776489 1.893029 3554
229.411499 1.492102 3560
230.099609 2.185783 3566
230.746826 1.782280 3572
231.381836 1.523867 3578
232.060303 2.202095 3584
232.690430 1.981456 3590
233.328003 1.578812 3596
233.994385 1.913633 3602
234.612549 1.371909 3608
235.242676 1.598558 3614
235.899536 1.948832 3620
236.512817 1.853537 3626
237.138184 1.619162 3632
237.794922 2.053571 3638
238.410645 1.549622 3644
239.048096 1.662088 3650
239.714600 2.166037 3656
240.335083 1.912775 3662
240.965210 1.612294 3668
241.617188 2.184066 3674
242.213623 1.594265 3680
242.829346 1.513564 3686
243.471558 1.846669 3692
244.070435 2.018372 3698
244.688599 1.738496 3704
245.335693 2.211538 3710
245.941772 1.683551 3716
246.557495 1.602850 3722
247.204468 2.053571 3728
247.820190 1.870707 3734
248.445557 1.750515 3740
249.097534 2.014938 3746
249.696411 1.461195 3752
250.309692 1.546188 3758
250.944702 2.220124 3764
251.524292 1.936813 3770
252.110962 1.666380 3776
252.726685 1.795158 3782
253.325562 1.544471 3788
253.919434 1.731628 3794
254.566528 2.019231 3800
255.172607 1.987466 3806
255.778687 1.691277 3812
256.418579 1.966861 3818
257.015015 1.615728 3824
257.587158 1.541037 3830
258.181274 1.880151 3836
258.748657 1.632898 3842
259.275024 1.281765 3848
259.864136 1.972871 3854
260.450928 1.518716 3860
261.030396 1.525584 3866
261.641357 1.988324 3872
262.278809 1.883585 3878
262.889526 1.589114 3884
263.512573 1.862122 3890
264.137939 1.561641 3896
264.715088 1.605426 3902
265.282471 1.628606 3908
265.852295 1.450034 3914
266.397949 1.540179 3920
266.905029 1.589972 3926
267.462891 1.322115 3932
268.044800 1.832074 3938
268.607422 1.540179 3944
269.201294 1.799451 3950
269.831543 1.859547 3956
270.425537 1.954842 3962
271.024414 1.426854 3968
271.640015 1.583963 3974
272.207520 1.748798 3980
272.745972 1.878434 3986
273.306152 1.345295 3992
273.839722 1.776271 3998
274.329834 1.566792 4004
274.856201 1.622596 4010
275.416504 1.531593 4016
275.957397 1.883585 4022
276.510254 1.996909 4028
277.111450 1.618304 4034
277.707886 1.735062 4040
278.277710 1.549622 4046
278.876587 1.657795 4052
279.448853 1.576236 4058
279.975220 1.527301 4064
280.504028 1.189904 4070
281.052124 1.607143 4076
281.532593 1.236264 4082
282.010620 1.471497 4088
282.534668 1.728194 4094
283.068237 1.597699 4100
283.570435 1.224244 4106
284.113770 1.629464 4112
284.688477 1.544471 4118
285.251099 1.587397 4124
285.794312 1.705014 4130
286.376221 1.825206 4136
286.936401 1.299794 4142
287.460327 1.577095 4148
287.965088 1.411401 4154
288.486572 1.233688 4160
288.957397 1.386504 4166
289.399292 1.523867 4172
289.872559 1.120364 4178
290.396484 1.785714 4184
290.896362 1.177026 4190
291.393677 1.176167 4196
291.966064 1.791724 4202
292.523682 1.745364 4208
293.052490 1.382211 4214
293.590942 1.717033 4220
294.148804 1.716174 4226
294.643799 1.110062 4232
295.107300 1.240556 4238
295.570923 1.358173 4244
296.051392 1.649210 4250
296.469116 1.027644 4256
296.867554 1.494677 4262
297.321533 1.429430 4268
297.826172 1.420845 4274
298.354980 1.677541 4280
298.847534 1.771119 4286
299.395630 1.689560 4292
299.943726 1.616586 4298
300.453247 1.241415 4304
300.933716 1.355597 4310
301.438354 1.577953 4316
301.899536 1.428571 4322
302.295532 1.129808 4328
302.689087 1.376202 4334
303.111694 1.280907 4340
303.580078 1.326408 4346
304.036377 1.501545 4352
304.473511 1.697287 4358
304.966064 1.468922 4364
305.487671 1.577953 4370
305.982544 1.225961 4376
306.446289 1.327266 4382
306.946045 1.596841 4388
307.419312 1.219952 4394
307.834595 0.883413 4400
308.218506 1.136676 4406
308.614502 1.165007 4412
309.063599 1.282624 4418
309.505493 1.162431 4424
309.901367 1.081731 4430
310.323975 1.072287 4436
310.792358 1.486951 4442
311.265625 1.118647 4448
311.697876 0.969265 4454
312.122925 1.401957 4460
312.588867 1.536744 4466
313.059692 1.061985 4472
313.494385 1.348729 4478
313.875854 0.971841 4484
314.281494 1.039663 4490
314.730591 1.574519 4496
315.131470 1.135817 4502
315.476685 0.770948 4508
315.831665 1.217376 4514
316.225220 1.106628 4520
316.659912 1.089457 4526
317.092041 1.310955 4532
317.475952 1.225961 4538
317.888916 1.124657 4544
318.366943 1.587397 4550
318.823364 1.507555 4556
319.226562 1.063702 4562
319.588745 0.941793 4568
319.979858 1.349588 4574
320.387939 1.228537 4580
320.757324 0.712569 4586
321.080933 1.005323 4592
321.390015 0.785543 4598
321.744873 0.919471 4604
322.160278 1.434581 4610
322.580322 1.320398 4616
322.947510 0.823317 4622
323.307129 1.149554 4628
323.712891 0.958963 4634
324.147461 1.025927 4640
324.567627 1.317823 4646
324.920166 0.919471 4652
325.234009 0.837912 4658
325.593750 1.306662 4664
325.980103 0.947802 4670
326.327759 0.808722 4676
326.639282 0.941793 4682
326.933960 0.851648 4688
327.255005 0.885130 4694
327.651001 1.462912 4700
328.080811 1.040522 4706
328.459961 0.967548 4712
328.800293 0.939217 4718
329.155273 0.958104 4724
329.527100 1.030220 4730
329.903809 1.200206 4736
330.232178 0.693681 4742
330.468872 0.490213 4748
330.661987 0.664492 4754
330.903442 0.869677 4760
331.251099 0.988152 4766
331.661621 1.415694 4772
332.059937 0.930632 4778
332.436646 0.825034 4784
332.777222 0.897150 4790
333.144165 1.260302 4796
333.532837 0.970124 4802
333.851685 0.906593 4808
334.081055 0.593235 4814
334.257324 0.515110 4820
334.438354 0.594093 4826
334.655640 0.582933 4832
334.942993 1.011332 4838
335.314819 0.912603 4844
335.742310 1.417411 4850
336.104492 0.804430 4856
336.449707 0.867102 4862
336.831299 1.425996 4868
337.183716 1.170158 4874
337.497681 0.666209 4880
337.748779 0.756353 4886
337.888794 0.291037 4892
337.929810 0.007727 4898
337.932251 -0.085852 4904
337.963623 0.169128 4910
338.096436 0.733173 4916
338.393555 1.150412 4922
338.919922 1.706731 4928
339.547607 1.899038 4934
340.165771 2.005494 4940
340.742920 1.362466 4946
341.261963 1.413977 4952
341.568604 0.495364 4958
341.691772 0.060096 4964
341.703857 -0.022321 4970
341.694214 0.057521 4976
341.703857 0.037775 4982
341.742554 0.169128 4988
341.865601 0.533139 4994
342.099854 0.709993 5000
342.454834 1.008757 5006
342.906372 1.500687 5012
343.365112 1.558207 5018
343.741821 0.875687 5024
344.070190 1.049107 5030
344.376709 0.809581 5036
344.625488 0.576923 5042
344.806519 0.589801 5048
344.891113 0.226648 5054
344.922485 0.012019 5060
344.944214 0.074691 5066
344.985229 0.155391 5072
345.067261 0.308207 5078
345.224243 0.611264 5084
345.451294 0.880838 5090
345.743530 0.958963 5096
346.141846 1.429430 5102
346.641724 1.382211 5108
347.119751 1.364183 5114
347.508545 1.201923 5120
347.786133 0.867102 5126
347.967285 0.376030 5132
348.092896 0.393201 5138
348.167725 0.254121 5144
348.213501 0.077266 5150
348.286011 0.223214 5156
348.380249 0.450721 5162
348.503296 0.222356 5168
348.650513 0.568338 5174
348.788208 0.279018 5180
348.896851 0.267857 5186
348.983887 0.394918 5192
349.087646 0.286745 5198
349.220459 0.373455 5204
349.408813 0.651614 5210
349.698486 0.869677 5216
350.096924 1.019917 5222
350.548462 1.384787 5228
350.944336 1.095467 5234
351.214844 0.501374 5240
351.371826 0.267857 5246
351.434570 -0.018887 5252
351.446655 0.000000 5258
351.453857 -0.076408 5264
351.499756 0.183723 5270
351.622925 0.493647 5276
351.828125 0.664492 5282
352.101074 1.044814 5288
352.364136 0.643029 5294
352.571899 0.522837 5300
352.702271 0.400927 5306
352.752930 -0.085852 5312
352.762573 -0.005151 5318
352.767456 0.142514 5324
352.777100 -0.007727 5330
352.808472 0.176854 5336
352.854370 0.151957 5342
352.943726 0.365728 5348
353.105469 0.581216 5354
353.349365 0.929773 5360
353.682617 1.049966 5366
354.088135 1.171016 5372
354.464844 1.063702 5378
354.711182 0.492788 5384
354.790894 -0.072115 5390
354.781128 -0.083276 5396
354.764282 -0.103880 5402
354.769165 -0.006010 5408
354.773926 -0.140797 5414
354.786011 0.012019 5420
354.807739 0.133070 5426
354.846436 0.207761 5432
354.909180 0.166552 5438
355.017822 0.395776 5444
355.177124 0.677369 5450
355.411377 0.884272 5456
355.708374 0.831902 5462
356.019897 1.051683 5468
356.266113 0.614698 5474
356.401367 0.219780 5480
356.411011 -0.138221 5486
356.379639 -0.170845 5492
356.384399 -0.042926 5498
356.394165 0.064389 5504
356.394165 0.000000 5510
356.396484 -0.083276 5516
356.406250 0.046360 5522
356.415894 0.004293 5528
356.425537 0.016312 5534
356.437622 0.108173 5540
356.452026 0.006010 5546
356.478638 0.060096 5552
356.529297 0.184581 5558
356.611450 0.198317 5564
356.724976 0.322802 5570
356.879517 0.561470 5576
357.072632 0.591518 5582
357.338257 0.855082 5588
357.661865 1.069711 5594
357.958740 0.923764 5600
358.139893 0.287603 5606
358.185669 -0.029190 5612
358.142334 -0.072974 5618
358.115723 0.000000 5624
358.135132 0.072974 5630
358.142334 0.000000 5636
358.139893 0.015453 5642
358.139893 0.042926 5648
358.139893 -0.096154 5654
358.142334 -0.081559 5660
358.147095 0.174279 5666
358.149536 0.001717 5672
358.156738 0.106456 5678
358.163940 0.022321 5684
358.168945 0.050652 5690
358.171265 0.094437 5696
358.176147 -0.098729 5702
358.185669 -0.117617 5708
358.200195 0.018887 5714
358.221924 0.072115 5720
358.267822 0.122768 5726
358.333130 0.119334 5732
358.393433 0.297905 5738
358.453735 0.132212 5744
358.521362 0.091003 5750
358.586670 0.179430 5756
358.654175 0.130495 5762
358.707275 0.157967 5768
358.748291 0.105598 5774
358.779785 0.038633 5780
358.796631 -0.084993 5786
358.799072 -0.118475 5792
358.803833 0.043784 5798
358.808716 0.036058 5804
358.820801 0.109032 5810
358.842529 0.119334 5816
358.890747 0.140797 5822
358.977783 0.152816 5828
359.091187 0.238668 5834
359.228882 0.473901 5840
359.393066 0.474760 5846
359.562012 0.479911 5852
359.692383 0.257555 5858
359.760010 0.151957 5864
359.733521 -0.134787 5870
359.714111 0.066106 5876
359.721436 0.018887 5882
359.721436 -0.004293 5888
359.721436 -0.002576 5894
359.721436 -0.088427 5900
359.723877 0.041209 5906
359.721436 -0.026614 5912
359.723877 0.116758 5918
359.723877 0.038633 5924
359.723877 0.049794 5930
359.723877 0.095295 5936
359.723877 0.000000 5942
359.723877 0.002576 5948
359.723877 0.001717 5954
359.723877 0.038633 5960
359.723877 -0.060096 5966
359.723877 -0.012019 5972
359.726196 0.157109 5978
359.723877 -0.051511 5984
359.723877 -0.051511 5990
359.726196 0.150240 5996
359.723877 -0.133070 6002
359.726196 0.027473 6008
359.726196 0.061813 6014
359.726196 0.006010 6020
359.726196 0.012019 6026
359.726196 0.009444 6032
359.726196 0.016312 6038
359.726196 0.002576 6044
359.726196 0.009444 6050
359.726196 0.000000 6056
359.726196 0.000000 6062
359.726196 -0.066964 6068
359.726196 -0.028331 6074
359.726196 0.000000 6080
359.726196 -0.003434 6086
359.726196 -0.020604 6092
359.726196 -0.067823 6098
