0.001709 1.553415
-0.000288 -0.777603
0.002401 4.348338
0.001035 2.948710
-0.002964 1.548701
-0.008124 -1.405299
-0.011161 -0.320275
-0.015646 2.939442
-0.025468 0.916507
-0.035462 -0.019256
-0.047612 0.132158
-0.062135 0.127861
-0.077405 2.298281
-0.097248 1.516495
-0.119968 2.287988
-0.147621 -0.203439
-0.175184 2.276376
-0.209667 -0.371057
-0.244349 2.108123
-0.284683 1.479763
-0.327304 2.715435
-0.375906 1.465024
-0.428894 1.457208
-0.486411 1.293741
-0.545267 -1.511158
-0.608970 1.587398
-0.682894 -1.218057
-0.760327 -2.470168
-0.836122 1.715106
-0.922702 1.394636
-1.014859 2.161442
-1.111173 0.131490
-1.215122 0.431715
-1.323442 1.353145
-1.441425 -0.366805
-1.557067 3.195305
-1.684440 1.940985
-1.806210 2.240060
-1.927882 1.296030
-2.042427 4.391188
-2.078935 13.855962
-2.072196 10.891622
-1.965083 20.666727
-1.775022 24.227190
-1.623585 13.960299
-1.609855 12.704195
-1.687132 6.320994
-1.803309 3.666302
-2.012274 -0.231442
-2.236115 0.220780
-2.467968 1.449661
-2.704353 -1.671722
-2.919496 4.528444
-3.007357 17.098297
-2.865836 26.405436
-2.599008 31.828415
-2.304237 37.562000
-1.948481 35.682770
-1.754021 26.346087
-1.625439 26.952435
-1.593987 13.576163
-1.753658 6.258901
-2.085217 0.961258
-2.429028 -0.297062
-2.779943 0.930332
-3.129365 -0.483480
-3.428681 7.268976
-3.615526 11.758790
-3.653367 28.366753
-3.387849 44.508591
-3.009868 47.444675
-2.540269 50.536091
-2.088395 48.189835
-1.761884 42.891701
-1.581546 29.670116
-1.636059 19.245041
-1.862676 13.170086
-2.074059 17.659719
-2.200924 19.508223
-2.381912 11.879696
-2.700377 8.445956
-2.956737 17.441166
-3.038120 30.941898
-2.951492 36.829960
-2.828609 45.514580
-2.561975 48.140163
-2.323393 50.299721
-2.109215 41.894768
-1.997662 40.015072
-1.879225 30.678114
-2.000353 21.185875
-2.260305 17.442104
-2.488930 21.932589
-2.611691 30.928658
-2.656069 31.224604
-2.689859 34.783253
-2.638268 37.720577
-2.582701 42.988453
-2.311695 43.906342
-2.178871 46.844070
-2.125296 36.420868
-2.121254 37.805279
-2.154737 32.975391
-2.301819 34.049404
-2.397570 36.211117
-2.447098 38.528370
-2.459045 43.331585
-2.316986 47.513542
-2.260212 46.879486
-2.134415 46.400990
-2.074440 51.049629
-2.002438 44.357094
-2.001476 43.257782
-2.028046 37.031769
-2.127068 43.234894
-2.227379 37.941509
-2.392891 36.998482
-2.529934 37.143227
-2.653866 43.036591
-2.715939 46.444431
-2.613724 56.377708
-2.473614 58.077095
-2.354527 49.367535
-2.244270 56.194397
-2.192852 50.281902
-2.177570 45.923306
-2.297337 42.186443
-2.428585 37.362350
-2.581635 44.501385
-2.662636 47.135246
-2.721634 48.681889
-2.763702 44.480476
-2.844208 47.270641
-2.855400 54.100533
-2.857754 54.094852
-2.854504 46.632156
-2.866444 51.909435
-2.817059 55.788803
-2.747459 54.541588
-2.683891 53.450092
-2.639778 51.426781
-2.634075 51.734253
-2.617954 47.536602
-2.705872 48.310886
-2.850716 39.763855
-2.977371 47.219429
-2.912407 49.548450
-2.903770 52.033222
-2.893723 54.829102
-2.856308 50.323380
-2.816963 52.498589
-2.765434 54.518833
-2.631828 50.946468
-2.655548 51.103180
-2.692322 51.415653
-2.795525 43.028294
-2.904388 43.963036
-3.084549 38.839088
-3.172569 48.319534
-3.281273 47.857262
-3.328461 49.259747
-3.335030 53.925247
-3.295403 52.376701
-3.218025 54.091179
-3.100975 50.989876
-3.034126 52.394482
-3.142319 41.525967
-3.161461 51.010227
-3.181519 48.532085
-3.112022 58.017208
-2.964973 60.356140
-2.766029 57.879295
-2.572235 55.713615
-2.444145 49.664322
-2.435104 45.324448
-2.512268 43.936867
-2.562302 39.442497
-2.716820 37.745064
-2.836967 39.621372
-2.965675 40.876671
-2.934464 51.609451
-2.854126 50.379829
-2.712196 52.568581
-2.539734 55.068493
-2.423294 50.732918
-2.331421 48.262112
-2.256889 44.704189
-2.190651 38.660908
-2.195190 41.007561
-2.264870 43.665352
-2.193001 44.925301
-2.165123 41.369457
-2.088829 43.873112
-2.089020 37.832287
-2.085579 42.201080
-2.107758 32.277023
-2.143143 36.335876
-2.165573 36.977169
-2.185181 34.822346
-2.168854 37.950180
-1.980835 38.903332
-1.855377 39.390766
-1.714149 39.567848
-1.699203 34.929081
-1.635056 36.815845
-1.677658 19.282780
-1.722733 27.695419
-1.702515 30.204655
-1.760620 22.771093
-1.928268 18.445082
-1.939751 24.683964
-1.933670 25.485508
-1.928894 26.131994
-1.838493 30.973534
-1.709290 31.154524
-1.593033 29.937538
-1.486214 31.051250
-1.400635 26.416855
-1.306923 26.288204
-1.314049 17.459558
-1.375061 14.068810
-1.474243 11.765823
-1.521187 16.298969
-1.510597 15.394678
-1.515137 12.470899
-1.652901 1.468523
-1.874931 -2.076312
-2.073792 0.593493
-2.259506 0.311603
-2.427086 1.272768
-2.569237 0.991196
-2.640816 8.943924
-2.589745 11.925220
-2.306519 32.617847
-1.768639 36.686916
-1.277855 28.793257
-0.888000 24.473009
-0.552261 20.152843
-0.386696 5.578902
-0.375710 2.501770
-0.359673 0.822950
-0.324516 1.474595
-0.273918 -0.670230
-0.202431 1.690453
-0.115303 1.565364
-0.012718 1.751007
0.109077 2.092004
0.248199 2.122262
0.402908 1.531049
0.571411 0.007631
0.762505 2.057480
0.965591 0.223236
1.185921 1.962239
1.419960 1.992189
1.669388 2.332776
1.925507 -1.366131
2.182968 -1.802554
2.370689 -9.385720
2.547478 -7.336603
2.723801 -5.598344
2.875069 -12.249749
2.938965 -22.785343
2.739944 -38.603394
2.411629 -45.721375
2.038956 -47.091167
1.694580 -41.780609
1.418533 -36.780972
1.307724 -30.538652
1.337692 -23.209023
1.480736 -15.879620
1.675835 -13.832740
1.962898 -11.941468
2.232147 -11.759422
2.587883 -6.295349
2.956963 -12.172928
3.162163 -26.906384
3.187706 -35.736393
3.075089 -46.275665
2.772141 -57.281319
2.462570 -58.965595
2.174004 -53.348186
1.928825 -48.352551
1.836227 -40.094643
1.876839 -32.458515
2.097427 -23.579838
2.428383 -22.780294
2.773918 -22.913273
3.048897 -28.950338
3.235695 -36.852108
3.261337 -43.977432
3.213905 -49.394150
3.036118 -56.209499
2.833588 -58.830475
2.559113 -51.042614
2.505928 -43.099781
2.633827 -40.128914
2.800224 -34.361938
2.992805 -36.208069
3.162727 -39.452862
3.306297 -43.164150
3.412888 -46.565128
3.527267 -41.887730
3.441063 -54.455860
3.409103 -56.615208
3.370392 -56.444550
3.276093 -62.488777
3.152077 -61.231445
2.895515 -60.440628
2.815224 -54.057228
2.885063 -48.606438
3.024582 -42.379269
3.284203 -40.036575
3.528183 -42.044441
3.778740 -47.315338
3.888184 -50.100887
3.996803 -53.819042
4.010750 -61.421684
3.927917 -63.431747
3.800125 -68.704842
3.637482 -65.899582
3.445206 -65.735916
3.257431 -68.369186
3.133102 -67.429596
3.063225 -61.674232
3.038742 -61.201595
3.092621 -55.602470
3.200222 -52.644928
3.291882 -54.659386
3.391537 -53.722412
3.457527 -54.339489
3.475452 -61.326813
3.479946 -62.566196
3.479313 -59.455887
3.464741 -61.783657
3.401291 -68.461967
3.345913 -64.886848
3.286140 -62.555035
3.208054 -64.263039
3.010540 -66.126823
3.038971 -59.290771
3.126343 -51.212242
3.175251 -54.164780
3.242733 -61.157124
3.271351 -64.576553
3.274670 -62.248005
3.276844 -59.143047
3.267281 -58.058178
3.214260 -63.498878
3.123047 -64.279114
3.050442 -63.506123
2.965179 -65.529999
2.901791 -63.670231
2.891144 -60.101849
2.903763 -59.174980
2.888638 -59.335999
2.745409 -61.050995
2.768810 -58.260857
2.822981 -51.742393
2.876719 -54.856682
2.952492 -54.708725
3.009851 -54.095020
3.057577 -57.831768
3.100441 -52.713238
3.155857 -54.741657
3.072714 -59.877628
3.102146 -51.652824
3.150482 -51.817844
3.240084 -54.313587
3.292582 -51.682709
3.295776 -57.286270
3.301324 -52.014832
3.300717 -51.715240
3.156697 -55.455322
3.146516 -52.049049
3.183316 -48.798405
3.289416 -51.296402
3.360986 -48.823090
3.404380 -55.516361
3.442250 -49.004143
3.480921 -50.726330
3.500461 -48.564724
3.496077 -51.219547
3.499584 -49.990566
3.446465 -55.286983
3.367919 -55.767403
3.240839 -53.762260
3.070966 -57.194969
2.967082 -56.122387
2.884295 -49.923077
2.813263 -51.492020
2.813612 -46.846695
2.837645 -46.551659
2.866648 -41.906670
2.879491 -43.010220
2.905858 -41.472790
2.888250 -44.440987
2.920144 -39.330540
2.956361 -35.773846
3.022860 -41.383610
2.998296 -40.623688
3.028090 -38.620998
3.005173 -40.813183
2.944132 -43.471561
2.814219 -48.149746
2.733808 -42.884899
2.658451 -45.077492
2.589015 -39.657463
2.505776 -41.228786
2.457535 -37.051804
2.369719 -42.351940
2.400009 -29.164125
2.459892 -31.046440
2.509422 -23.607109
2.659758 -26.266321
2.702539 -32.343525
2.677757 -31.118776
2.635553 -36.419231
2.501348 -40.942905
2.320395 -40.339668
2.168533 -42.843666
2.027315 -35.715256
1.993675 -31.227993
1.883774 -27.983608
2.009977 -11.688849
2.283182 -11.551661
2.501402 -22.600468
2.509283 -28.056232
2.442640 -30.404728
2.291321 -42.385590
1.954107 -34.169418
1.749090 -34.342701
1.587454 -29.699717
1.571894 -23.036970
1.606714 -16.529501
1.657284 -21.674072
1.717396 -17.496864
1.808809 -13.164201
1.952887 -13.492283
2.147945 -2.789597
2.369511 -3.117471
2.676624 -1.114798
2.954952 -3.617486
3.051910 -15.752461
2.897850 -30.683804
2.576263 -35.671871
2.190323 -40.970524
1.716194 -38.345592
1.361740 -34.788326
1.039455 -28.434395
0.944244 -14.312226
1.006706 -8.579392
1.183842 -0.205240
1.423225 1.954641
1.648262 2.871822
1.859882 0.371253
2.060078 -0.109421
2.220322 -1.832767
2.216251 -16.140182
1.990627 -25.165089
1.745380 -23.159111
1.531567 -22.861864
1.300159 -21.942949
1.059032 -14.032513
1.061081 -4.723584
1.180164 -1.473489
1.313042 1.776859
1.435898 -0.565540
1.553738 3.151426
1.664890 0.498849
1.769138 1.730594
1.867851 3.428715
1.953098 -0.310534
2.037491 1.388172
2.105728 -4.370164
2.174706 0.125656
2.244156 -0.039054
2.298313 0.573365
2.346573 2.118281
2.398903 1.643819
2.440937 3.344765
2.476009 0.074480
2.509415 0.067127
2.542141 -0.405949
2.575001 2.383908
2.602192 3.775882
2.615253 1.128821
2.602413 -4.159007
2.505119 -7.426754
2.330021 -15.354974
2.072998 -15.514724
1.808315 -13.809757
1.515659 -14.745518
1.279293 -13.195100
1.110950 -4.808373
1.069695 -2.946407
1.046398 -1.084021
1.035038 -0.930190
1.036476 0.777689
1.036697 1.553828
1.036697 1.553610
-38.908569 -1.242892
