0.000000 -0.030907 104
0.000000 -0.085852 109
0.000000 -0.086710 114
0.000000 0.000000 119
0.000000 0.022321 124
0.000000 -0.006868 129
0.000000 0.000000 134
0.000000 0.001717 139
0.000000 -0.007727 144
0.002380 0.077266 149
0.002380 0.101305 154
0.000000 -0.009444 159
0.000000 0.038633 164
0.000000 -0.089286 169
0.000000 -0.001717 174
0.000000 -0.086710 179
0.000000 -0.078984 184
0.002380 0.127919 189
0.002380 0.115900 194
0.000000 -0.009444 199
0.000000 -0.038633 204
0.000000 -0.063530 209
0.000000 -0.025755 214
0.002380 0.040350 219
0.000000 -0.010302 224
0.000000 -0.041209 229
0.000000 -0.130495 234
0.000000 -0.017170 239
0.000000 -0.109890 244
0.000000 -0.055804 249
0.000000 -0.128777 254
0.002380 0.100446 259
0.000000 -0.066106 264
0.000000 -0.036058 269
0.000000 -0.064389 274
0.000000 -0.161401 279
0.000000 -0.121909 284
0.002380 0.019746 289
0.000000 -0.024038 294
0.002380 0.008585 299
0.002380 0.124485 304
0.000000 -0.080701 309
0.000000 -0.134787 314
0.002380 -0.022321 319
0.002380 -0.030907 324
0.004822 0.156250 329
0.002380 -0.001717 334
0.002380 0.000000 339
0.004822 0.073832 344
0.002380 -0.006868 349
0.002380 -0.005151 354
0.002380 -0.000859 359
0.002380 -0.125343 364
0.004822 0.016312 369
0.002380 -0.134787 374
0.004822 -0.041209 379
0.004822 -0.003434 384
0.004822 0.000000 389
0.004822 -0.029190 394
0.004822 -0.059238 399
0.004822 -0.008585 404
0.004822 -0.025755 409
0.004822 -0.103022 414
0.007263 0.012878 419
0.004822 -0.102163 424
0.007263 0.002576 429
0.007263 -0.115900 434
0.009644 0.072974 439
0.009644 0.006010 444
0.009644 0.015453 449
0.009644 -0.018029 454
0.009644 -0.062672 459
0.012085 0.099588 464
0.012085 0.007727 469
0.014465 0.123626 474
0.014465 0.084135 479
0.014465 0.000000 484
0.016907 0.073832 489
0.016907 0.078984 494
0.016907 -0.006010 499
0.019287 0.000000 504
0.021729 0.131353 509
0.021729 -0.068681 514
0.024170 -0.012878 519
0.026550 0.012878 524
0.028992 0.031765 529
0.031372 0.006868 534
0.033813 0.006010 539
0.036194 0.088427 544
0.036194 0.000000 549
0.038635 -0.024038 554
0.041016 0.078125 559
0.041016 0.000859 564
0.043457 -0.112466 569
0.048279 0.008585 574
0.053162 0.017170 579
0.057922 -0.047218 584
0.067566 0.013736 589
0.077271 0.024897 594
0.091736 0.153674 599
0.111084 0.126202 604
0.144897 0.127060 609
0.202820 0.165694 614
0.275269 0.307349 619
0.359741 0.215488 624
0.437012 0.134787 629
0.504639 0.279876 634
0.562622 0.143372 639
0.630188 0.238668 644
0.726807 0.477335 649
0.837830 0.321944 654
0.989990 0.780391 659
1.180725 0.712569 664
1.402893 0.612981 669
1.617798 0.632727 674
1.779541 0.426683 679
1.873718 0.157967 684
1.895447 -0.072115 689
1.885803 0.000000 694
1.883362 -0.034341 699
1.885803 -0.006868 704
1.885803 -0.061813 709
1.888184 0.072115 714
1.890625 0.061813 719
1.890625 -0.061813 724
1.893005 0.060096 729
1.897888 0.095295 734
1.900269 0.038633 739
1.905090 0.078125 744
1.909912 0.054945 749
1.919617 0.037775 754
1.931641 -0.070398 759
1.950989 0.036058 764
1.977539 0.029190 769
2.025879 0.200893 774
2.107971 0.275584 779
2.214172 0.257555 784
2.342102 0.382898 789
2.484619 0.356284 794
2.651184 0.565762 799
2.839539 0.797562 804
3.056885 0.612122 809
3.300720 0.747768 814
3.556702 0.934924 819
3.766724 0.580357 824
3.899536 0.279876 829
3.955078 0.160543 834
3.947815 -0.013736 839
3.942993 0.000000 844
3.947815 0.100446 849
3.947815 0.006010 854
3.947815 -0.019746 859
3.950256 0.004293 864
3.952637 0.000000 869
3.959900 0.016312 874
3.969543 0.028331 879
3.984070 0.011161 884
4.005798 0.070398 889
4.032349 0.099588 894
4.078186 0.110749 899
4.153076 0.277301 904
4.254517 0.361435 909
4.399353 0.443853 914
4.597351 0.754636 919
4.848450 0.780391 924
5.152710 1.184753 929
5.464233 1.084306 934
5.753906 0.827610 939
5.976074 0.759787 944
6.091980 0.161401 949
6.130615 -0.051511 954
6.130615 0.063530 959
6.132996 0.052370 964
6.132996 0.000000 969
6.137878 0.134787 974
6.145081 -0.029190 979
6.164429 0.087569 984
6.193420 0.097871 989
6.229614 0.074691 994
6.287537 0.248111 999
6.379333 0.444712 1004
6.514526 0.716861 1009
6.726990 0.794128 1014
7.016724 1.104052 1019
7.328247 0.926339 1024
7.615601 1.087740 1029
7.847412 0.807005 1034
8.016418 0.472184 1039
8.129883 0.336538 1044
8.192688 0.089286 1049
8.231323 0.147665 1054
8.243347 -0.132212 1059
8.257874 0.077266 1064
8.281982 0.133929 1069
8.342346 0.324519 1074
8.448608 0.284169 1079
8.607971 0.746051 1084
8.827698 0.762363 1089
9.107788 1.110062 1094
9.387878 0.809581 1099
9.626892 0.831902 1104
9.793518 0.622424 1109
9.904602 0.265282 1114
9.981873 0.314217 1119
10.025330 0.299622 1124
10.063965 0.089286 1129
10.119446 0.153674 1134
10.191895 0.246394 1139
10.310242 0.429258 1144
10.476868 0.682521 1149
10.684509 0.738324 1154
10.928345 0.981284 1159
11.186768 0.763221 1164
11.430603 0.698832 1169
11.621338 0.576065 1174
11.742126 0.319368 1179
11.807312 0.177713 1184
11.836243 0.058379 1189
11.845886 -0.012019 1194
11.860413 0.173420 1199
11.896606 0.186298 1204
11.983521 0.388908 1209
12.140503 0.769231 1214
12.381958 0.854224 1219
12.715149 1.281765 1224
13.065247 1.054258 1229
13.400879 1.306662 1234
13.678589 0.959821 1239
13.888672 0.583791 1244
14.045593 0.504808 1249
14.188049 0.539148 1254
14.354675 0.648180 1259
14.543030 0.767514 1264
14.740967 0.539148 1269
14.919678 0.633585 1274
15.045227 0.264423 1279
15.122498 0.182005 1284
15.149048 0.008585 1289
15.149048 -0.058379 1294
15.153870 -0.058379 1299
15.173218 0.070398 1304
15.226318 0.221497 1309
15.335022 0.503091 1314
15.503967 0.610405 1319
15.740601 0.986435 1324
16.040039 0.895433 1329
16.414307 1.692994 1334
16.829590 1.423420 1339
17.235291 1.212225 1344
17.566040 1.074004 1349
17.855835 1.023352 1354
18.128662 0.869677 1359
18.367676 0.919471 1364
18.565674 0.586367 1369
18.734680 0.513393 1374
18.860229 0.286745 1379
18.944824 0.189732 1384
19.002747 0.159684 1389
19.043762 0.068681 1394
19.065491 0.066964 1399
19.079956 -0.035199 1404
19.111389 0.222356 1409
19.171692 0.306490 1414
19.265930 0.439560 1419
19.405945 0.631010 1424
19.620850 0.840488 1429
19.946838 1.104052 1434
20.403198 1.977163 1439
20.869202 1.398523 1444
21.318298 1.735920 1449
21.707031 1.062843 1454
22.081299 1.241415 1459
22.443481 1.339286 1464
22.721191 0.738324 1469
22.890198 0.321944 1474
22.974731 0.166552 1479
23.003662 0.049794 1484
23.018127 0.057521 1489
23.049561 0.072974 1494
23.124390 0.382040 1499
23.223389 0.370879 1504
23.394836 0.717720 1509
23.638733 0.980426 1514
23.942932 1.313530 1519
24.309937 1.243990 1524
24.698730 1.436298 1529
25.017456 0.905735 1534
25.297546 0.878262 1539
25.584900 1.073146 1544
25.877014 0.953812 1549
26.147461 0.958963 1554
26.386536 0.710852 1559
26.598999 0.679087 1564
26.768005 0.655048 1569
26.867004 0.287603 1574
26.920105 0.223214 1579
26.949097 0.112466 1584
26.997375 0.244677 1589
27.098816 0.556319 1594
27.272644 0.727163 1599
27.572083 1.341003 1604
27.984924 1.509272 1609
28.424438 1.794299 1614
28.837280 1.752232 1619
29.218811 1.105769 1624
29.597900 1.469780 1629
29.964905 1.048249 1634
30.288452 1.200206 1639
30.510620 0.670501 1644
30.660278 0.427541 1649
30.773804 0.295330 1654
30.887268 0.299622 1659
31.022461 0.436985 1664
31.203552 0.846497 1669
31.411255 0.622424 1674
31.676819 1.189904 1679
31.966614 0.833619 1684
32.278076 1.183894 1689
32.541260 0.852507 1694
32.787537 0.875687 1699
33.055603 1.150412 1704
33.359802 1.003606 1709
33.680969 0.964972 1714
33.990051 1.078297 1719
34.270081 0.860233 1724
34.506714 0.796703 1729
34.690186 0.488496 1734
34.876160 0.576065 1739
35.103149 0.946085 1744
35.383240 0.895433 1749
35.692322 1.019059 1754
35.977234 0.927198 1759
36.228333 0.697115 1764
36.467346 0.956387 1769
36.694336 0.631868 1774
36.943054 0.901442 1779
37.232788 1.262878 1784
37.553894 1.080872 1789
37.865417 1.115213 1794
38.123779 0.832761 1799
38.343506 0.489354 1804
38.580139 1.006181 1809
38.845703 0.893716 1814
39.149963 1.146978 1819
39.463867 1.157280 1824
39.772888 0.964114 1829
40.045776 0.940076 1834
40.272705 0.706559 1839
40.494873 0.748626 1844
40.758118 1.317823 1849
41.062317 0.820742 1854
41.393066 1.296360 1859
41.697327 0.880838 1864
41.982239 1.237981 1869
42.235779 1.019059 1874
42.494141 0.965831 1879
42.788757 1.222527 1884
43.109863 1.081731 1889
43.426208 1.068853 1894
43.701416 1.069711 1899
43.933228 0.612122 1904
44.167419 0.877404 1909
44.420959 0.843063 1914
44.725220 1.459478 1919
45.048767 1.187328 1924
45.382019 1.053400 1929
45.679016 1.002747 1934
45.939758 0.706559 1939
46.198120 0.993304 1944
46.495117 1.158997 1949
46.830750 1.189904 1954
47.166382 1.317823 1959
47.470581 0.973558 1964
47.743408 1.094608 1969
47.992126 0.983860 1974
48.252869 0.849931 1979
48.561951 1.200206 1984
48.887939 1.073146 1989
49.197021 0.970124 1994
49.467468 1.033654 1999
49.713745 0.781250 2004
49.981750 1.236264 2009
50.273926 1.243990 2014
50.602295 1.183036 2019
50.952393 1.310096 2024
51.271118 0.964114 2029
51.546448 0.735749 2034
51.828918 1.047390 2039
52.142822 1.042239 2044
52.490479 1.456044 2049
52.823730 0.936641 2054
53.137573 0.988152 2059
53.417664 0.992445 2064
53.673645 0.883413 2069
53.965759 1.265453 2074
54.301392 1.070570 2079
54.649170 1.095467 2084
54.975098 1.181319 2089
55.269714 1.031078 2094
55.557007 1.094608 2099
55.854004 1.183894 2104
56.184753 0.962397 2109
56.546997 1.329842 2114
56.870544 0.973558 2119
57.157837 1.203640 2124
57.437988 1.107486 2129
57.751892 1.062843 2134
58.087524 1.292067 2139
58.432800 1.255151 2144
58.761169 1.185611 2149
59.038818 1.024210 2154
59.294739 0.895433 2159
59.596558 1.303228 2164
59.934631 0.976992 2169
60.287170 1.582246 2174
60.608337 1.126374 2179
60.912537 0.884272 2184
61.195068 1.202782 2189
61.484802 1.110920 2194
61.830078 1.498111 2199
62.184998 1.297218 2204
62.503723 1.001889 2209
62.800781 1.112637 2214
63.095337 0.976992 2219
63.399597 0.878262 2224
63.742432 1.409684 2229
64.102234 1.029361 2234
64.442627 1.325549 2239
64.725159 0.895433 2244
65.022156 0.979567 2249
65.369873 1.256010 2254
65.729614 1.244849 2259
66.094238 1.410542 2264
66.432251 1.020776 2269
66.726807 0.974416 2274
67.026245 1.419986 2279
67.366699 1.085165 2284
67.733704 1.316106 2289
68.062134 1.015625 2294
68.371155 1.070570 2299
68.665710 1.086882 2304
68.962769 0.902301 2309
69.303223 1.053400 2314
69.675049 1.213084 2319
70.010681 0.934066 2324
70.312500 1.214801 2329
70.614319 0.910886 2334
70.942688 1.098042 2339
71.297668 1.444025 2344
71.667053 1.258585 2349
72.012329 1.252576 2354
72.299683 0.954670 2359
72.594238 0.955529 2364
72.946777 1.419986 2369
73.306580 1.092891 2374
73.663940 1.193338 2379
73.992310 0.929773 2384
74.279663 1.001030 2389
74.576599 1.233688 2394
74.919495 1.216518 2399
75.291382 1.391655 2404
75.629395 1.039663 2409
75.938477 0.898867 2414
76.245117 1.113496 2419
76.554199 0.984718 2424
76.904297 1.354739 2429
77.273743 1.450034 2434
77.621399 1.212225 2439
77.932861 1.143544 2444
78.251587 1.104052 2449
78.599365 1.303228 2454
78.963928 1.480082 2459
79.318909 1.078297 2464
79.647278 1.293784 2469
79.934570 0.795845 2474
80.246094 1.141827 2479
80.596191 1.309238 2484
80.963196 1.286916 2489
81.308472 1.195913 2494
81.629639 1.033654 2499
81.931458 0.892857 2504
82.264648 1.401099 2509
82.626831 1.187328 2514
83.003540 1.540179 2519
83.336731 0.928056 2524
83.648254 1.054258 2529
83.969360 1.360749 2534
84.317017 1.233688 2539
84.691284 1.600275 2544
85.046265 1.112637 2549
85.364929 1.219952 2554
85.652344 1.326408 2559
85.966187 1.041380 2564
86.330811 1.413977 2569
86.692993 1.067136 2574
87.043091 1.366758 2579
87.352173 1.215659 2584
87.653992 1.040522 2589
87.992004 1.337569 2594
88.359009 1.144402 2599
88.726074 1.069711 2604
89.054443 1.061985 2609
89.363525 0.965831 2614
89.691895 1.062843 2619
90.051636 1.297218 2624
90.421082 1.034512 2629
90.776062 1.384787 2634
91.070618 1.047390 2639
91.357971 0.962397 2644
91.693604 1.302369 2649
92.050903 1.033654 2654
92.417969 1.361607 2659
92.760803 0.929773 2664
93.074707 1.044814 2669
93.391052 1.305804 2674
93.745972 1.185611 2679
94.122620 1.318681 2684
94.465515 1.298935 2689
94.776978 0.909169 2694
95.081238 1.110920 2699
95.387878 0.989869 2704
95.733154 1.231113 2709
96.102600 1.479224 2714
96.433411 1.043956 2719
96.727966 1.064560 2724
97.037048 1.108345 2729
97.382324 1.311813 2734
97.744507 1.396806 2739
98.116333 1.081731 2744
98.466492 1.342720 2749
98.761047 0.851648 2754
99.084656 1.286916 2759
99.446777 1.394231 2764
99.808960 1.091174 2769
100.156677 1.310096 2774
100.477844 1.035371 2779
100.777222 1.062843 2784
101.098389 1.480082 2789
101.465393 1.184753 2794
101.839600 1.494677 2799
102.160767 0.881696 2804
102.477051 1.357314 2809
102.786133 1.128091 2814
103.114563 1.079155 2819
103.476685 1.431147 2824
103.834106 1.037946 2829
104.140686 1.066277 2834
104.420837 1.122939 2839
104.734741 1.025069 2844
105.094482 1.523867 2849
105.449402 1.134959 2854
105.806763 1.504979 2859
106.113403 0.971841 2864
106.398376 0.767514 2869
106.724304 1.420845 2874
107.088928 1.151271 2879
107.448669 1.133242 2884
107.786743 1.194196 2889
108.103027 0.996738 2894
108.412109 1.412260 2899
108.738098 1.344437 2904
109.109924 1.122081 2909
109.472107 1.188187 2914
109.786011 1.049107 2919
110.080566 0.843063 2924
110.404175 1.284341 2929
110.730103 0.982143 2934
111.085083 1.471497 2939
111.423096 0.930632 2944
111.710388 0.847356 2949
111.976074 1.158139 2954
112.265808 0.927198 2959
112.613464 1.430288 2964
112.966003 1.191621 2969
113.311279 1.061985 2974
113.637268 1.122081 2979
113.927002 1.029361 2984
114.240906 1.306662 2989
114.603088 1.632898 2994
114.962891 0.930632 2999
115.305725 1.436298 3004
115.614807 1.007040 3009
115.923889 1.229396 3014
116.244995 1.224244 3019
116.595093 1.136676 3024
116.945251 1.075721 3029
117.247070 0.923764 3034
117.512634 0.966690 3039
117.785461 1.069711 3044
118.094543 1.067136 3049
118.435059 1.169299 3054
118.780334 1.017342 3059
119.111084 1.253434 3064
119.393616 0.917754 3069
119.678528 0.982143 3074
120.004517 1.446600 3079
120.352173 1.151271 3084
120.695068 0.916037 3089
120.999329 1.195913 3094
121.281799 0.918613 3099
121.561890 1.164148 3104
121.868530 1.067136 3109
122.223511 1.410542 3114
122.571167 1.159856 3119
122.885071 0.984718 3124
123.162720 0.901442 3129
123.438049 0.807864 3134
123.742249 0.966690 3139
124.073059 1.110062 3144
124.408691 1.130666 3149
124.717712 1.075721 3154
124.990601 0.794986 3159
125.256226 0.874828 3164
125.562866 1.230254 3169
125.903320 1.152988 3174
126.246155 1.040522 3179
126.569763 1.262878 3184
126.852234 0.854224 3189
127.117859 1.081731 3194
127.388306 0.870536 3199
127.704590 0.946944 3204
128.049866 1.357314 3209
128.361328 0.946944 3214
128.631775 0.951236 3219
128.882874 1.041380 3224
129.148499 0.886847 3229
129.452759 1.348729 3234
129.778748 0.949519 3239
130.124023 1.390797 3244
130.425842 0.967548 3249
130.693848 0.845639 3254
130.969116 1.014766 3259
131.278198 1.004464 3264
131.618591 1.461195 3269
131.944580 1.322115 3274
132.246399 0.863668 3279
132.519226 1.076580 3284
132.760742 0.722871 3289
133.031128 1.123798 3294
133.347473 1.362466 3299
133.675842 1.036229 3304
133.975220 1.068853 3309
134.243286 0.885989 3314
134.499207 1.074863 3319
134.750305 1.059409 3324
135.023132 0.939217 3329
135.341858 1.405391 3334
135.665466 1.068853 3339
135.952820 0.934924 3344
136.184570 0.873970 3349
136.404297 0.663633 3354
136.655457 0.980426 3359
136.933105 0.818166 3364
137.244629 1.086882 3369
137.558472 1.118647 3374
137.860291 0.928915 3379
138.106567 0.679945 3384
138.328735 0.672218 3389
138.579834 0.992445 3394
138.881653 1.239698 3399
139.202820 0.964114 3404
139.514282 1.207933 3409
139.799194 0.816449 3414
140.064819 0.979567 3419
140.299011 0.934924 3424
140.550171 0.883413 3429
140.856812 1.315247 3434
141.182739 0.998455 3439
141.474976 0.964114 3444
141.718750 0.929773 3449
141.943359 0.726305 3454
142.182373 0.936641 3459
142.431091 0.993304 3464
142.701538 0.713427 3469
143.010559 1.224244 3474
143.314819 0.840488 3479
143.563538 0.664492 3484
143.761536 0.603537 3489
143.949890 0.687672 3494
144.171997 0.960680 3499
144.447266 0.895433 3504
144.746643 1.016483 3509
145.058105 1.172733 3514
145.362427 1.092891 3519
145.623169 0.883413 3524
145.838074 0.732315 3529
146.057800 0.749485 3534
146.325806 0.945227 3539
146.630005 0.931490 3544
146.922180 0.995879 3549
147.178162 0.706559 3554
147.405090 0.711710 3559
147.607971 0.687672 3564
147.789062 0.588084 3569
147.977356 0.746909 3574
148.201904 1.148695 3579
148.479614 0.952953 3584
148.798340 1.395089 3589
149.075989 0.816449 3594
149.307800 0.863668 3599
149.517883 0.691106 3604
149.735229 0.712569 3609
149.979065 0.964972 3614
150.230164 0.798420 3619
150.503052 0.934066 3624
150.775879 1.156422 3629
151.012512 0.704842 3634
151.188721 0.714286 3639
151.323975 0.356284 3644
151.464050 0.421532 3649
151.649963 0.922047 3654
151.898621 0.916896 3659
152.202881 1.347012 3664
152.499878 0.899725 3669
152.794495 1.075721 3674
153.057678 0.940076 3679
153.272583 0.574347 3684
153.458496 0.546016 3689
153.651611 0.552885 3694
153.890686 0.830185 3699
154.170776 0.970982 3704
154.443604 0.705701 3709
154.677856 0.746051 3714
154.866211 0.528846 3719
155.030396 0.766655 3724
155.175232 0.596669 3729
155.329773 0.560611 3734
155.503601 0.819025 3739
155.711304 0.803571 3744
155.962402 0.813015 3749
156.256958 1.383070 3754
156.532227 0.894574 3759
156.759216 0.807864 3764
156.937866 0.509959 3769
157.099670 0.513393 3774
157.280762 0.659341 3779
157.495667 0.744334 3784
157.734680 0.642170 3789
157.997864 0.923764 3794
158.249023 0.892857 3799
158.473511 0.712569 3804
158.649841 0.320227 3809
158.777771 0.257555 3814
158.879211 0.389766 3819
158.978210 0.133929 3824
159.113403 0.565762 3829
159.294556 0.743475 3834
159.550476 0.822459 3839
159.854675 1.041380 3844
160.146851 0.853365 3849
160.412415 0.988152 3854
160.634583 0.628434 3859
160.822937 0.605254 3864
160.984680 0.597527 3869
161.146484 0.490213 3874
161.334839 0.761504 3879
161.552124 0.981284 3884
161.783936 0.728880 3889
162.003662 0.961538 3894
162.170288 0.442136 3899
162.293396 0.333104 3904
162.368225 0.197459 3909
162.402039 0.047218 3914
162.414124 0.128777 3919
162.426208 0.039492 3924
162.472107 0.323661 3929
162.578369 0.486779 3934
162.757019 0.644746 3939
163.025024 1.236264 3944
163.363098 1.001889 3949
163.759033 1.553915 3954
164.138123 1.232830 3959
164.461731 0.873970 3964
164.722473 1.025069 3969
164.951843 0.744334 3974
165.174011 0.635302 3979
165.381653 0.695398 3984
165.550659 0.483345 3989
165.666565 0.371738 3994
165.714844 -0.067823 3999
165.719727 0.000000 4004
165.719727 -0.103022 4009
165.724487 0.000000 4014
165.741394 0.199176 4019
165.780029 0.213771 4024
165.867004 0.508242 4029
165.987671 0.713427 4034
166.135010 0.586367 4039
166.311279 0.683379 4044
166.514099 0.693681 4049
166.750732 0.842205 4054
167.042847 1.300652 4059
167.376099 1.107486 4064
167.709351 1.051683 4069
167.974915 0.581216 4074
168.175354 0.610405 4079
168.312927 0.282452 4084
168.416748 0.308207 4089
168.510986 0.454155 4094
168.597839 0.270433 4099
168.699280 0.287603 4104
168.820007 0.630151 4109
168.947998 0.428400 4114
169.095276 0.450721 4119
169.261841 0.726305 4124
169.421265 0.544299 4129
169.561279 0.532280 4134
169.665161 0.178571 4139
169.727844 0.182005 4144
169.744812 0.000000 4149
169.744812 0.000859 4154
169.747253 0.011161 4159
169.752014 -0.014595 4164
169.766541 0.023180 4169
169.795532 0.059238 4174
169.853455 0.346841 4179
169.947632 0.518544 4184
170.070740 0.648180 4189
170.230164 0.554602 4194
170.461914 0.995021 4199
170.768555 1.061985 4204
171.125916 1.446600 4209
171.468811 1.225103 4214
171.770630 0.858516 4219
172.000000 0.653331 4224
172.140076 0.356284 4229
172.214905 0.083276 4234
172.268066 0.169128 4239
172.296997 0.005151 4244
172.330811 0.247253 4249
172.383911 0.236951 4254
172.468445 0.391483 4259
172.586792 0.637019 4264
172.736450 0.446429 4269
172.912720 0.624141 4274
173.074463 0.436985 4279
173.195251 0.517685 4284
173.255554 0.144231 4289
173.260437 -0.008585 4294
173.258057 -0.089286 4299
173.260437 0.000000 4304
173.262817 0.004293 4309
173.265259 0.027473 4314
173.279724 0.212054 4319
173.303894 0.157109 4324
173.347351 0.192308 4329
173.398071 0.176854 4334
173.455994 0.218063 4339
173.540527 0.278159 4344
173.649170 0.510817 4349
173.781982 0.464457 4354
173.934082 0.443853 4359
174.122437 0.749485 4364
174.330078 0.608688 4369
174.564270 0.705701 4374
174.827454 1.056834 4379
175.080994 0.825893 4384
175.286255 0.697974 4389
175.387695 0.151099 4394
175.399719 0.020604 4399
175.380432 0.022321 4404
175.380432 0.135646 4409
175.390076 -0.061813 4414
175.390076 0.000000 4419
175.392456 0.121051 4424
175.392456 0.106456 4429
175.392456 0.047218 4434
175.394897 0.042067 4439
175.394897 -0.124485 4444
175.399719 0.017170 4449
175.404602 0.002576 4454
175.411804 0.001717 4459
175.426331 0.131353 4464
175.443237 0.061813 4469
175.476990 0.126202 4474
175.537354 0.419815 4479
175.607422 0.109032 4484
175.699158 0.366587 4489
175.822266 0.556319 4494
175.996155 0.664492 4499
176.227966 1.032795 4504
176.488708 0.901442 4509
176.749451 0.953812 4514
176.988525 1.024210 4519
177.172058 0.499657 4524
177.290344 0.336538 4529
177.316895 -0.085852 4534
177.297607 -0.118475 4539
177.290344 0.048935 4544
177.297607 0.000859 4549
177.299988 0.102163 4554
177.299988 0.070398 4559
177.297607 -0.077266 4564
177.299988 0.002576 4569
177.299988 0.000000 4574
177.299988 -0.026614 4579
177.302429 0.001717 4584
177.304810 -0.033482 4589
177.304810 -0.059238 4594
177.307251 0.000000 4599
177.312073 0.129636 4604
177.312073 0.019746 4609
177.316895 0.064389 4614
177.319336 0.001717 4619
177.324158 -0.107315 4624
177.331360 -0.007727 4629
177.341064 0.034341 4634
177.355530 0.024038 4639
177.379700 0.118475 4644
177.411072 0.163977 4649
177.437622 0.011161 4654
177.454529 0.030907 4659
177.461792 0.103880 4664
177.461792 -0.030907 4669
177.466614 0.001717 4674
177.471436 0.006868 4679
177.478699 0.056662 4684
177.490784 -0.051511 4689
177.514954 0.122768 4694
177.558350 0.106456 4699
177.628418 0.229224 4704
177.717712 0.345124 4709
177.840881 0.413805 4714
178.014709 0.722871 4719
178.256165 1.177885 4724
178.524170 0.746909 4729
178.770508 0.840488 4734
178.937073 0.303915 4739
179.038513 0.353709 4744
179.057800 -0.084135 4749
179.050537 -0.000859 4754
179.050537 0.016312 4759
179.050537 0.023180 4764
179.050537 0.090144 4769
179.050537 0.060955 4774
179.050537 0.000000 4779
179.048157 -0.128777 4784
179.050537 0.000000 4789
179.050537 0.058379 4794
179.050537 0.015453 4799
179.050537 0.021463 4804
179.050537 -0.003434 4809
179.050537 -0.019746 4814
179.050537 -0.002576 4819
179.053040 0.153674 4824
179.050537 -0.050652 4829
179.053040 0.053228 4834
179.053040 0.088427 4839
179.053040 0.007727 4844
179.053040 0.000000 4849
179.053040 -0.030907 4854
179.053040 -0.038633 4859
179.053040 -0.006868 4864
179.055420 0.030907 4869
179.055420 0.066106 4874
179.055420 0.056662 4879
179.055420 0.006010 4884
179.055420 -0.079842 4889
179.057800 0.091003 4894
179.057800 0.072974 4899
179.057800 0.000859 4904
179.057800 0.004293 4909
179.057800 -0.030907 4914
179.060242 0.127919 4919
179.057800 -0.101305 4924
179.057800 -0.041209 4929
179.060242 -0.000859 4934
179.060242 0.000000 4939
179.060242 -0.021463 4944
179.062683 0.004293 4949
179.062683 -0.049794 4954
179.062683 -0.126202 4959
179.065063 -0.024038 4964
179.065063 -0.121051 4969
179.067444 0.026614 4974
179.069885 0.001717 4979
179.074707 0.106456 4984
179.077148 0.068681 4989
179.079590 0.052370 4994
179.084351 0.103022 4999
179.086792 0.019746 5004
179.091614 -0.040350 5009
179.096436 0.026614 5014
179.098877 0.074691 5019
179.101318 0.104739 5024
179.101318 -0.030907 5029
179.103699 0.042926 5034
179.103699 -0.012878 5039
179.106079 0.119334 5044
179.106079 0.007727 5049
179.106079 -0.002576 5054
179.106079 -0.149382 5059
179.108521 0.000000 5064
179.108521 0.000000 5069
179.110962 0.048935 5074
179.110962 0.000000 5079
179.110962 0.000000 5084
179.110962 -0.000859 5089
179.113342 -0.007727 5094
179.113342 -0.073832 5099
