0.000000 0.056662 104
0.000000 -0.081559 110
-0.002319 -0.029190 116
-0.002319 -0.006010 122
0.000000 -0.047218 128
0.000000 0.002576 134
0.000000 0.038633 140
-0.002319 -0.103022 146
0.000000 0.000000 152
0.002441 0.091003 158
0.000000 -0.163118 164
0.000000 0.011161 170
-0.002319 -0.024897 176
0.004883 0.112466 182
0.002441 0.007727 188
-0.002319 0.000000 194
0.000000 0.168269 200
0.002441 -0.048935 206
0.000000 -0.170845 212
-0.002319 -0.028331 218
0.000000 -0.078984 224
0.004883 0.018029 230
-0.002319 -0.067823 236
-0.002319 0.000000 242
0.004883 0.003434 248
0.002441 -0.107315 254
0.000000 -0.022321 260
0.002441 0.071257 266
0.004883 0.001717 272
0.004883 0.022321 278
0.002441 0.001717 284
0.002441 0.006010 290
0.004883 0.000000 296
0.004883 -0.003434 302
0.004883 0.000000 308
0.004883 0.000000 314
0.007324 -0.060096 320
0.004883 0.000000 326
0.004883 0.000000 332
0.004883 0.000000 338
0.004883 -0.143372 344
0.004883 0.000000 350
0.004883 0.000000 356
0.004883 0.084993 362
0.007324 0.015453 368
0.009766 0.019746 374
0.007324 0.002576 380
0.007324 -0.007727 386
0.009766 0.000000 392
0.009766 0.066106 398
0.009766 -0.012019 404
0.012085 0.125343 410
0.014526 0.000000 416
0.014526 -0.024897 422
0.016968 0.000000 428
0.021729 0.060096 434
0.024292 0.001717 440
0.029053 0.012878 446
0.031494 -0.109032 452
0.041016 0.079842 458
0.048340 0.003434 464
0.057983 0.002576 470
0.072510 0.017170 476
0.094238 0.059238 482
0.120850 0.061813 488
0.149780 0.030048 494
0.166626 -0.009444 500
0.166626 -0.030907 506
0.169067 0.000000 512
0.171509 -0.047218 518
0.176392 0.042067 524
0.181152 0.006868 530
0.185913 0.006010 536
0.193237 0.001717 542
0.202881 0.027473 548
0.214966 0.044643 554
0.236694 0.187157 560
0.282593 0.120192 566
0.362183 0.248970 572
0.478149 0.492788 578
0.673706 0.682521 584
0.941772 0.912603 590
1.214600 0.839629 596
1.446411 0.707418 602
1.583984 0.263565 608
1.661377 0.111607 614
1.719238 0.312500 620
1.762695 0.079842 626
1.791748 0.115041 632
1.822998 0.075549 638
1.876099 0.121909 644
1.934204 0.119334 650
1.982422 0.139938 656
2.035522 0.175996 662
2.083862 0.100446 668
2.110352 0.118475 674
2.136963 0.121051 680
2.173218 0.038633 686
2.206909 0.015453 692
2.218994 -0.010302 698
2.218994 -0.092720 704
2.221436 -0.024038 710
2.235962 -0.021463 716
2.269775 0.122768 722
2.339844 0.359718 728
2.448486 0.442994 734
2.598145 0.517685 740
2.774414 0.494505 746
2.994141 0.873970 752
3.269409 0.923764 758
3.522949 0.734032 764
3.691895 0.546875 770
3.810303 0.325378 776
3.897095 0.225790 782
3.986450 0.361435 788
4.073486 0.229224 794
4.153076 0.094437 800
4.223145 0.157109 806
4.281128 0.079842 812
4.322144 0.141655 818
4.372925 0.238668 824
4.433228 0.237809 830
4.491211 0.151957 836
4.549072 0.141655 842
4.590088 0.024897 848
4.611938 0.135646 854
4.640869 0.181147 860
4.715698 0.375172 866
4.853394 0.567479 872
5.123779 1.071429 878
5.495605 1.091174 884
5.872314 0.820742 890
6.186157 0.714286 896
6.468750 0.576065 902
6.678711 0.337397 908
6.780151 0.057521 914
6.787354 -0.018029 920
6.758545 -0.102163 926
6.763306 0.056662 932
6.794678 0.102163 938
6.855103 0.331387 944
6.983032 0.489354 950
7.156860 0.570913 956
7.395996 0.597527 962
7.712158 0.874828 968
7.987427 0.570055 974
8.207153 0.582933 980
8.400391 0.410371 986
8.574219 0.481628 992
8.743286 0.612981 998
8.907471 0.448146 1004
9.025757 0.188015 1010
9.088501 0.206044 1016
9.131958 0.146806 1022
9.180298 0.129636 1028
9.284180 0.467891 1034
9.506226 0.734032 1040
9.824951 1.020776 1046
10.146118 1.073146 1052
10.421387 0.779533 1058
10.698975 1.002747 1064
10.993530 0.905735 1070
11.239868 0.740041 1076
11.423462 0.424966 1082
11.561035 0.352850 1088
11.684204 0.394059 1094
11.817017 0.531422 1100
11.978760 0.501374 1106
12.155029 0.400069 1112
12.302246 0.395776 1118
12.432739 0.529705 1124
12.609009 0.786401 1130
12.857666 0.710852 1136
13.178833 0.938358 1142
13.512085 1.010474 1148
13.794556 0.899725 1154
14.079468 0.888565 1160
14.330566 0.594952 1166
14.557495 0.564904 1172
14.714478 0.309924 1178
14.830322 0.328812 1184
14.989746 0.639595 1190
15.233643 0.818166 1196
15.492065 0.776099 1202
15.733398 0.597527 1208
15.962891 0.628434 1214
16.216431 0.905735 1220
16.525513 1.104052 1226
16.824829 0.905735 1232
17.107422 0.976992 1238
17.392212 0.948661 1244
17.672363 1.110920 1250
17.889771 0.445570 1256
18.051392 0.540865 1262
18.251831 0.720295 1268
18.524658 0.928056 1274
18.814453 0.679945 1280
19.099365 0.566621 1286
19.364990 0.849073 1292
19.657227 0.788977 1298
19.944458 0.870536 1304
20.212524 0.724588 1310
20.482910 0.813874 1316
20.796753 1.175309 1322
21.110718 0.922905 1328
21.373901 0.632727 1334
21.639526 0.776099 1340
21.924438 0.694540 1346
22.233521 0.855941 1352
22.508667 0.722012 1358
22.817749 0.795845 1364
23.136597 0.784684 1370
23.431152 0.677369 1376
23.684692 0.740041 1382
23.984131 0.859375 1388
24.312500 0.885130 1394
24.628784 0.821600 1400
24.935425 0.672218 1406
25.266235 0.973558 1412
25.563110 0.639595 1418
25.850464 0.751202 1424
26.166748 0.845639 1430
26.512085 0.839629 1436
26.821167 0.742617 1442
27.125366 0.922905 1448
27.441772 0.757212 1454
27.767700 0.872253 1460
28.076782 0.693681 1466
28.429321 0.904876 1472
28.786621 0.779533 1478
29.107788 0.601820 1484
29.431396 1.118647 1490
29.788696 1.031078 1496
30.134033 1.219093 1502
30.486572 0.989011 1508
30.848755 1.043097 1514
31.179443 0.962397 1520
31.503052 1.027644 1526
31.872437 1.264595 1532
32.237061 1.067994 1538
32.579956 1.304086 1544
32.942139 1.276614 1550
33.294678 1.052541 1556
33.647217 1.357314 1562
34.033569 1.305804 1568
34.419800 1.307521 1574
34.777222 1.047390 1580
35.146606 1.005323 1586
35.525757 0.916896 1592
35.899902 1.390797 1598
36.300903 1.375343 1604
36.672607 0.796703 1610
37.032471 0.946085 1616
37.426025 1.143544 1622
37.809937 1.165007 1628
38.181763 1.195055 1634
38.570435 1.334993 1640
38.923096 0.913462 1646
39.307007 1.045673 1652
39.731934 1.493819 1658
40.130371 1.362466 1664
40.545654 1.516140 1670
40.960938 1.125515 1676
41.371460 1.069711 1682
41.815796 1.560783 1688
42.223755 1.297218 1694
42.610107 1.057692 1700
43.030151 1.335852 1706
43.421387 1.120364 1712
43.831787 1.327266 1718
44.237549 1.455185 1724
44.609375 1.017342 1730
45.036743 1.422562 1736
45.471436 1.396806 1742
45.898804 1.385646 1748
46.333374 1.115213 1754
46.765625 1.445742 1760
47.226807 1.529018 1766
47.680664 1.529876 1772
48.117798 1.529876 1778
48.557251 1.194196 1784
48.984619 1.541037 1790
49.433716 1.418269 1796
49.865845 1.057692 1802
50.274048 1.055117 1808
50.725464 1.445742 1814
51.169800 1.286916 1820
51.630981 1.198489 1826
52.075317 1.179602 1832
52.524292 1.144402 1838
53.007324 1.359890 1844
53.458862 1.197630 1850
53.932129 1.322115 1856
54.393188 1.213084 1862
54.868896 1.039663 1868
55.337402 1.152988 1874
55.779175 1.133242 1880
56.247681 1.250858 1886
56.703979 1.240556 1892
57.174805 1.145261 1898
57.633545 1.112637 1904
58.114014 1.283482 1910
58.611572 1.292926 1916
59.092041 1.262878 1922
59.579712 1.045673 1928
60.067505 1.328125 1934
60.577026 1.287775 1940
61.055054 1.214801 1946
61.540405 1.797733 1952
62.013672 1.514423 1958
62.496582 1.554773 1964
62.979492 1.489526 1970
63.450317 1.803743 1976
63.947754 1.553056 1982
64.452393 1.672390 1988
64.969116 1.668097 1994
65.468994 1.582246 2000
65.997681 1.705014 2006
66.511963 1.650069 2012
67.026245 1.715316 2018
67.528564 1.511847 2024
68.035645 1.443166 2030
68.540283 1.624313 2036
69.030518 1.611435 2042
69.542358 1.527301 2048
70.058960 1.777129 2054
70.583008 1.485233 2060
71.090088 1.503262 2066
71.630859 1.359890 2072
72.164551 1.776271 2078
72.710205 1.783139 2084
73.229370 1.230254 2090
73.784790 1.335852 2096
74.308716 1.735920 2102
74.837524 1.552198 2108
75.349365 1.296360 2114
75.892700 1.415694 2120
76.411743 1.743647 2126
76.952637 1.808894 2132
77.483887 1.524725 2138
78.029541 1.729911 2144
78.551147 1.311813 2150
79.104004 1.334135 2156
79.654541 1.589972 2162
80.212280 1.775412 2168
80.755615 1.367617 2174
81.332764 1.656078 2180
81.888062 1.723901 2186
82.453003 1.824347 2192
83.003662 1.463771 2198
83.575806 1.824347 2204
84.121582 1.589972 2210
84.684082 1.575378 2216
85.237061 1.726477 2222
85.792480 1.686126 2228
86.328369 1.522150 2234
86.895874 1.978022 2240
87.451172 1.977163 2246
88.016235 1.814045 2252
88.578857 1.877576 2258
89.160767 1.813187 2264
89.725708 1.898180 2270
90.310059 1.742788 2276
90.891968 1.990041 2282
91.476318 1.710165 2288
92.051025 1.686126 2294
92.647461 1.443166 2300
93.229370 1.429430 2306
93.813721 1.432005 2312
94.397949 1.504979 2318
94.975098 1.350446 2324
95.552124 1.507555 2330
96.129272 1.383070 2336
96.723267 1.709306 2342
97.295410 1.370192 2348
97.894287 1.506696 2354
98.490723 1.608860 2360
99.096680 1.492960 2366
99.695557 1.694711 2372
100.308838 1.463771 2378
100.907715 1.478365 2384
101.520874 1.638908 2390
102.131836 1.497253 2396
102.735474 1.471497 2402
103.341553 1.574519 2408
103.937988 1.450893 2414
104.541504 1.674107 2420
105.116333 1.401957 2426
105.722290 1.750515 2432
106.318726 1.873283 2438
106.919922 1.752232 2444
107.533325 2.260474 2450
108.146606 1.923935 2456
108.769531 2.258757 2462
109.387695 1.883585 2468
110.022705 1.843235 2474
110.638428 2.019231 2480
111.268555 1.925652 2486
111.879517 1.915350 2492
112.487915 1.873283 2498
113.098877 1.931662 2504
113.712158 2.052713 2510
114.327881 2.038977 2516
114.941162 1.832933 2522
115.578613 2.119677 2528
116.196777 1.984890 2534
116.841553 2.184066 2540
117.471680 2.072459 2546
118.084961 1.438015 2552
118.727173 1.826064 2558
119.350220 1.911058 2564
119.985229 1.919643 2570
120.605713 1.713599 2576
121.245728 1.529876 2582
121.878296 2.127404 2588
122.515625 1.966861 2594
123.162842 1.821772 2600
123.788208 1.618304 2606
124.440063 1.529876 2612
125.087280 2.184924 2618
125.727173 1.994334 2624
126.376709 2.111092 2630
127.014160 2.202095 2636
127.639404 1.580529 2642
128.269653 1.577095 2648
128.907104 1.796875 2654
129.537231 1.936813 2660
130.172363 1.523008 2666
130.829102 2.063015 2672
131.478638 1.971154 2678
132.154663 1.978880 2684
132.813843 1.951408 2690
133.468262 1.605426 2696
134.137085 2.088771 2702
134.779297 2.063015 2708
135.428833 2.018372 2714
136.071167 2.095639 2720
136.708618 1.899038 2726
137.346069 1.810611 2732
137.990723 1.557349 2738
138.645142 1.566792 2744
139.301880 2.133413 2750
139.970703 2.044986 2756
140.632324 2.063874 2762
141.289062 1.682692 2768
141.967651 1.694711 2774
142.629150 2.083619 2780
143.302856 2.012362 2786
143.969238 1.720467 2792
144.606689 1.633757 2798
145.265869 1.608001 2804
145.910522 1.754808 2810
146.557739 1.747081 2816
147.221680 1.975446 2822
147.873535 1.664663 2828
148.540039 1.615728 2834
149.216064 1.861264 2840
149.892212 1.510989 2846
150.578003 1.879292 2852
151.251587 1.600275 2858
151.925293 1.497253 2864
152.591797 1.826064 2870
153.250854 1.593407 2876
153.905273 1.850961 2882
154.545044 1.624313 2888
155.201904 1.499828 2894
155.853760 1.856971 2900
156.520264 1.686985 2906
157.201172 1.915350 2912
157.877197 2.364354 2918
158.574951 2.280220 2924
159.255981 2.254464 2930
159.932007 2.013221 2936
160.617798 2.150584 2942
161.274536 1.968578 2948
161.943359 2.310268 2954
162.602539 2.113667 2960
163.249634 1.869849 2966
163.923218 2.299966 2972
164.587280 2.154018 2978
165.260986 2.117102 2984
165.949219 2.174622 2990
166.630005 2.002060 2996
167.320557 2.300824 3002
168.004028 2.257040 3008
168.680054 2.265625 3014
169.351318 2.090487 3020
170.017700 2.211538 3026
170.676880 2.042411 3032
171.328735 1.881868 3038
171.992798 1.980597 3044
172.659302 2.082761 3050
173.318481 1.893887 3056
174.001709 1.717891 3062
174.677856 2.205529 3068
175.365967 2.215831 3074
176.061401 2.060440 3080
176.737549 1.790007 3086
177.430420 1.717033 3092
178.113770 2.079327 3098
178.785034 2.104224 3104
179.458618 1.968578 3110
180.122681 2.305117 3116
180.774658 1.588255 3122
181.453125 1.565934 3128
182.121948 2.099073 3134
182.812622 1.935096 3140
183.505615 2.215831 3146
184.176758 1.857830 3152
184.876953 2.039835 3158
185.555420 2.220124 3164
186.234009 2.190934 3170
186.917358 2.267342 3176
187.571655 1.843235 3182
188.238159 1.644917 3188
188.911743 2.135989 3194
189.580688 2.113667 3200
190.266357 2.233001 3206
190.939941 2.233001 3212
191.604004 1.604567 3218
192.284912 2.166896 3224
192.953735 1.978022 3230
193.625000 2.096497 3236
194.286621 2.350618 3242
194.945801 1.797733 3248
195.604980 1.872424 3254
196.273804 2.311985 3260
196.949951 2.103365 3266
197.625977 2.347184 3272
198.304443 1.853537 3278
198.983032 1.722184 3284
199.644531 1.724760 3290
200.327881 1.774554 3296
200.989502 1.627747 3302
201.655884 1.543613 3308
202.334473 1.682692 3314
202.991211 1.661229 3320
203.660034 1.635474 3326
204.321655 1.589972 3332
204.985596 1.911916 3338
205.659180 1.693853 3344
206.318481 1.559066 3350
206.989746 1.706731 3356
207.665771 1.572802 3362
208.334717 1.781422 3368
209.008301 1.705014 3374
209.674683 1.828640 3380
210.333862 1.650927 3386
210.995483 1.565934 3392
211.657104 1.820913 3398
212.321167 2.129121 3404
212.977905 2.155735 3410
213.634644 1.839801 3416
214.296265 2.076751 3422
214.957886 1.978880 3428
215.636353 2.399554 3434
216.293091 2.022665 3440
216.964355 1.976305 3446
217.633179 2.149725 3452
218.280273 1.998626 3458
218.934570 2.050996 3464
219.569702 2.050137 3470
220.209473 2.053571 3476
220.859009 2.128262 3482
221.494141 1.992617 3488
222.150879 2.119677 3494
222.805176 2.131696 3500
223.466797 2.207246 3506
224.138062 2.102507 3512
224.811646 1.977163 3518
225.490234 2.269917 3524
226.142090 1.607143 3530
226.801392 1.571085 3536
227.443604 2.142857 3542
228.076294 2.116243 3548
228.703979 2.044128 3554
229.302856 1.696429 3560
229.937866 1.764251 3566
230.570557 2.348042 3572
231.210327 2.170330 3578
231.852539 1.502404 3584
232.511719 1.597699 3590
233.178223 1.980597 3596
233.842285 2.057005 3602
234.506226 2.172905 3608
235.148438 1.586538 3614
235.790771 1.508413 3620
236.430664 1.997768 3626
237.039062 2.122253 3632
237.647583 1.458619 3638
238.251221 1.849244 3644
238.862183 1.751374 3650
239.487549 1.847527 3656
240.120117 2.159169 3662
240.757568 1.548764 3668
241.414307 1.900755 3674
242.080688 1.941106 3680
242.730225 1.881010 3686
243.377441 2.160027 3692
244.010010 1.899897 3698
244.613647 1.588255 3704
245.229370 1.539320 3710
245.818604 1.596841 3716
246.419800 1.953983 3722
247.018555 2.069025 3728
247.629395 1.492102 3734
248.221069 1.426854 3740
248.851318 2.202953 3746
249.483887 2.285371 3752
250.106812 1.498111 3758
250.732178 1.571085 3764
251.357544 1.772836 3770
251.983032 1.571944 3776
252.601074 1.548764 3782
253.211914 1.591689 3788
253.803589 1.438015 3794
254.395142 1.622596 3800
254.991455 1.459478 3806
255.575806 1.435439 3812
256.189209 1.508413 3818
256.787964 1.410542 3824
257.398804 1.583963 3830
257.995239 1.553915 3836
258.608521 1.759100 3842
259.204956 1.616586 3848
259.801270 1.361607 3854
260.409790 1.747081 3860
260.991699 1.473214 3866
261.580811 1.654361 3872
262.157959 1.467205 3878
262.739868 1.377060 3884
263.309692 1.590831 3890
263.906128 1.678400 3896
264.490479 1.905907 3902
265.079712 1.722184 3908
265.668823 2.081044 3914
266.260254 1.724760 3920
266.844727 2.060440 3926
267.436279 1.869849 3932
268.022949 1.739354 3938
268.600098 1.807177 3944
269.169922 1.727335 3950
269.742188 1.872424 3956
270.304810 1.842376 3962
270.862549 1.947974 3968
271.430054 1.953125 3974
271.985352 1.621738 3980
272.545532 1.933379 3986
273.098389 1.699004 3992
273.673096 2.032109 3998
274.223633 1.867273 4004
274.781372 1.584821 4010
275.343994 1.548764 4016
275.913818 1.965144 4022
276.461914 1.889595 4028
277.014893 1.343578 4034
277.565430 1.392514 4040
278.115967 1.699004 4046
278.654419 1.603709 4052
279.214600 1.884444 4058
279.745850 1.686126 4064
280.291504 1.484375 4070
280.832275 1.438015 4076
281.382935 1.735062 4082
281.909302 1.839801 4088
282.437988 1.292926 4094
282.976440 1.506696 4100
283.512573 1.327266 4106
284.038940 1.256868 4112
284.582153 1.548764 4118
285.120605 1.514423 4124
285.644531 1.331559 4130
286.173340 1.213942 4136
286.711914 1.723042 4142
287.230957 1.637191 4148
287.728394 1.377060 4154
288.247437 1.870707 4160
288.756958 1.700721 4166
289.273682 1.748798 4172
289.773560 1.747081 4178
290.299927 1.594265 4184
290.811768 1.834650 4190
291.323608 1.295501 4196
291.840454 1.517857 4202
292.378784 1.536744 4208
292.890747 1.610577 4214
293.392944 1.277472 4220
293.897583 1.631181 4226
294.399780 1.405391 4232
294.890015 1.262878 4238
295.358398 1.401957 4244
295.843750 1.126374 4250
296.319458 1.242273 4256
296.804688 1.139251 4262
297.275513 1.044814 4268
297.775391 1.432864 4274
298.265625 1.210508 4280
298.753418 1.313530 4286
299.253174 1.250858 4292
299.750488 1.152129 4298
300.257568 1.171016 4304
300.726074 1.072287 4310
301.216187 1.302369 4316
301.682129 1.179602 4322
302.145752 1.231971 4328
302.585205 1.004464 4334
303.024658 1.095467 4340
303.495483 1.258585 4346
303.944702 1.167582 4352
304.408203 1.274038 4358
304.874268 1.175309 4364
305.362061 1.408826 4370
305.837646 1.109203 4376
306.301270 1.624313 4382
306.774536 1.374485 4388
307.230835 1.354739 4394
307.689697 1.572802 4400
308.112183 1.093750 4406
308.529907 1.476648 4412
308.964600 1.458619 4418
309.379883 1.352163 4424
309.800049 1.266312 4430
310.224976 1.294643 4436
310.652344 1.466346 4442
311.120728 1.338427 4448
311.572266 1.532452 4454
312.023804 1.414835 4460
312.480225 1.343578 4466
312.929321 1.419986 4472
313.378418 1.432864 4478
313.771973 0.902301 4484
314.182495 1.114354 4490
314.585693 1.327266 4496
314.972046 1.364183 4502
315.360718 1.039663 4508
315.739868 0.922905 4514
316.123779 1.285199 4520
316.548828 1.339286 4526
316.966553 1.377919 4532
317.381714 1.325549 4538
317.806763 1.069711 4544
318.219604 1.033654 4550
318.656738 1.316106 4556
319.057495 1.143544 4562
319.417236 0.997596 4568
319.803589 1.116930 4574
320.173096 1.183036 4580
320.547241 1.384787 4586
320.933716 1.237122 4592
321.298218 1.093750 4598
321.670044 1.468063 4604
322.073242 1.465488 4610
322.469238 1.267170 4616
322.860474 1.426854 4622
323.244385 1.008757 4628
323.611450 1.223386 4634
323.995361 1.363324 4640
324.396118 1.329842 4646
324.746216 0.952095 4652
325.096313 1.058551 4658
325.458496 1.208791 4664
325.791748 1.128091 4670
326.151489 1.454327 4676
326.506470 1.034512 4682
326.837280 0.964972 4688
327.160767 0.910027 4694
327.537476 1.093750 4700
327.909302 1.215659 4706
328.271484 1.149554 4712
328.645874 0.913462 4718
328.971680 0.787260 4724
329.297729 0.715144 4730
329.652710 0.970124 4736
330.000366 0.696257 4742
330.304688 0.857658 4748
330.618530 0.819883 4754
330.937256 0.783826 4760
331.246338 0.807864 4766
331.562622 0.899725 4772
331.917480 0.973558 4778
332.243530 0.703125 4784
332.550171 0.755494 4790
332.885864 0.855941 4796
333.228638 0.764080 4802
333.547363 0.784684 4808
333.873413 0.904876 4814
334.194580 0.926339 4820
334.457642 0.631868 4826
334.706421 0.690247 4832
335.008179 0.883413 4838
335.336548 1.022493 4844
335.645630 0.928056 4850
335.940308 0.945227 4856
336.254150 0.988152 4862
336.541504 0.802713 4868
336.807007 0.796703 4874
337.087158 0.974416 4880
337.403442 0.860233 4886
337.690796 0.922905 4892
337.937012 0.712569 4898
338.195435 0.781250 4904
338.482788 0.972699 4910
338.777344 0.873970 4916
339.045410 0.853365 4922
339.344849 0.876545 4928
339.646606 0.951236 4934
339.914673 0.740900 4940
340.131958 0.648180 4946
340.380615 0.994162 4952
340.663086 0.808722 4958
340.940796 0.746909 4964
341.201660 0.843063 4970
341.445435 0.787260 4976
341.708740 0.975275 4982
341.952515 0.606113 4988
342.157715 0.496222 4994
342.382324 0.806147 5000
342.645508 0.843063 5006
342.935303 0.946944 5012
343.198364 0.676511 5018
343.413330 0.744334 5024
343.642700 0.611264 5030
343.879395 0.605254 5036
344.120850 0.546016 5042
344.347778 0.711710 5048
344.552979 0.582074 5054
344.794434 0.786401 5060
345.062500 0.851648 5066
345.289429 0.731456 5072
345.465698 0.337397 5078
345.622681 0.462740 5084
345.784546 0.484203 5090
346.009033 0.762363 5096
346.274658 0.639595 5102
346.520874 0.866243 5108
346.759888 0.801854 5114
347.011108 0.926339 5120
347.252441 0.740041 5126
347.464966 0.658482 5132
347.590576 0.145948 5138
347.677490 0.298764 5144
347.791016 0.497081 5150
347.984131 0.605254 5156
348.240112 0.773523 5162
348.522583 0.718578 5168
348.778564 0.617273 5174
348.983765 0.631868 5180
349.191406 0.613839 5186
349.391846 0.541724 5192
349.551270 0.454155 5198
349.671875 0.493647 5204
349.770996 0.292754 5210
349.874756 0.291037 5216
349.997925 0.228365 5222
350.159668 0.449004 5228
350.384155 0.639595 5234
350.654663 0.618990 5240
350.874390 0.491071 5246
351.045898 0.431834 5252
351.205200 0.546016 5258
351.359741 0.327953 5264
351.516724 0.310783 5270
351.695435 0.542582 5276
351.849854 0.453297 5282
351.934448 0.172562 5288
351.982666 0.139938 5294
352.011719 0.097871 5300
352.052734 0.252404 5306
352.163696 0.406937 5312
352.378662 0.760646 5318
352.663574 0.818166 5324
352.950928 0.738324 5330
353.177856 0.571772 5336
353.346924 0.513393 5342
353.523193 0.418097 5348
353.716431 0.469608 5354
353.870850 0.398352 5360
353.955444 0.139938 5366
353.989258 0.008585 5372
353.989258 -0.163977 5378
353.994019 0.139080 5384
354.013306 0.238668 5390
354.052002 0.066964 5396
354.126831 0.403503 5402
354.254761 0.467891 5408
354.416504 0.649038 5414
354.607422 0.641312 5420
354.846436 0.656765 5426
355.087769 0.570055 5432
355.254395 0.454155 5438
355.377563 0.508242 5444
355.481445 0.194883 5450
355.594849 0.313359 5456
355.705933 0.385474 5462
355.814575 0.332246 5468
355.923218 0.221497 5474
356.031982 0.309066 5480
356.116455 0.194025 5486
356.157471 0.202610 5492
356.169556 -0.027473 5498
356.171997 -0.084135 5504
356.176758 0.002576 5510
356.191284 0.027473 5516
356.213013 0.094437 5522
356.227539 0.127060 5528
356.232300 -0.092720 5534
356.239502 0.082418 5540
356.249268 0.058379 5546
356.268555 0.038633 5552
356.319336 0.115041 5558
356.418213 0.403503 5564
356.577637 0.657624 5570
356.843140 0.842205 5576
357.157104 0.716003 5582
357.471069 0.873111 5588
357.702881 0.530563 5594
357.886353 0.564904 5600
358.026367 0.435268 5606
358.113281 0.322802 5612
358.135010 0.000000 5618
358.122925 -0.169986 5624
358.120605 0.057521 5630
358.125366 0.169128 5636
358.122925 -0.072974 5642
358.125366 0.000000 5648
358.127808 -0.100446 5654
358.130127 0.000000 5660
358.135010 0.091003 5666
358.142334 -0.014595 5672
358.156738 0.050652 5678
358.178467 0.024897 5684
358.207397 0.103880 5690
358.241211 0.140797 5696
358.265503 0.011161 5702
358.270264 0.111607 5708
358.270264 -0.081559 5714
358.270264 0.071257 5720
358.277466 0.084993 5726
358.284790 0.022321 5732
358.294312 -0.046360 5738
358.318604 -0.024038 5744
358.361938 0.191449 5750
358.424683 0.196600 5756
358.482788 0.157109 5762
358.550293 0.282452 5768
358.617920 0.255838 5774
358.683228 0.149382 5780
358.753052 0.248970 5786
358.803833 0.143372 5792
358.876221 0.212054 5798
358.977783 0.326236 5804
359.112915 0.466174 5810
359.252930 0.471326 5816
359.359253 0.198317 5822
359.407471 0.048935 5828
359.402710 -0.017170 5834
359.388184 -0.017170 5840
359.380981 -0.069540 5846
359.385742 0.020604 5852
359.385742 0.144231 5858
359.385742 0.018887 5864
359.385742 0.000000 5870
359.385742 0.009444 5876
359.385742 0.000000 5882
359.388184 -0.015453 5888
359.388184 0.000000 5894
359.390625 0.090144 5900
359.388184 -0.038633 5906
359.390625 0.003434 5912
359.390625 0.000000 5918
359.390625 0.015453 5924
359.390625 -0.012878 5930
359.390625 0.000000 5936
359.393066 0.071257 5942
359.390625 -0.074691 5948
359.393066 0.031765 5954
359.393066 0.059238 5960
359.393066 0.030048 5966
359.393066 -0.036058 5972
359.393066 -0.016312 5978
359.393066 -0.038633 5984
359.393066 -0.098729 5990
359.395508 0.000859 5996
359.397827 0.016312 6002
359.397827 -0.007727 6008
359.397827 0.000000 6014
359.400269 0.046360 6020
359.400269 0.006868 6026
359.400269 0.039492 6032
359.400269 0.060096 6038
359.400269 0.046360 6044
359.397827 -0.063530 6050
359.400269 0.011161 6056
359.400269 0.000000 6062
359.400269 0.000859 6068
359.400269 -0.015453 6074
359.400269 0.000000 6080
359.400269 -0.013736 6086
359.400269 -0.066106 6092
359.400269 -0.006868 6098
